  CBY_BoneBox.cpp
  KG_ArcBall.cpp
c:\cpp\direct3d team project\kgca_direct3d_project\kg_gameproject\kg_gameprojects\kg_engine\kg_arcball.cpp(36): warning C4244: '인수': 'int'에서 'float'(으)로 변환하면서 데이터가 손실될 수 있습니다.
c:\cpp\direct3d team project\kgca_direct3d_project\kg_gameproject\kg_gameprojects\kg_engine\kg_arcball.cpp(42): warning C4244: '인수': 'int'에서 'float'(으)로 변환하면서 데이터가 손실될 수 있습니다.
  KG_Select.cpp
  VFX_EffectObj.cpp
  VFX_ObjMgr.cpp
c:\cpp\direct3d team project\kgca_direct3d_project\kg_gameproject\kg_gameprojects\kg_engine\vfx_objmgr.cpp(94): warning C4244: '초기화 중': 'double'에서 'float'(으)로 변환하면서 데이터가 손실될 수 있습니다.
c:\cpp\direct3d team project\kgca_direct3d_project\kg_gameproject\kg_gameprojects\kg_engine\vfx_objmgr.cpp(95): warning C4244: '초기화 중': 'double'에서 'float'(으)로 변환하면서 데이터가 손실될 수 있습니다.
c:\cpp\direct3d team project\kgca_direct3d_project\kg_gameproject\kg_gameprojects\kg_engine\vfx_objmgr.cpp(96): warning C4244: '초기화 중': 'double'에서 'float'(으)로 변환하면서 데이터가 손실될 수 있습니다.
c:\cpp\direct3d team project\kgca_direct3d_project\kg_gameproject\kg_gameprojects\kg_engine\vfx_objmgr.cpp(134): warning C4267: '초기화 중': 'size_t'에서 'int'(으)로 변환하면서 데이터가 손실될 수 있습니다.
  코드를 생성하고 있습니다...
C:\Program Files (x86)\Microsoft Visual Studio\2017\Community\Common7\IDE\VC\VCTargets\Microsoft.CppBuild.targets(1397,5): warning MSB8012: TargetPath(C:\cpp\direct3d team project\KGCA_direct3D_Project\KG_GameProject\KG_GameProjects\KG_Engine\../../output/Debug/KG_Engine/KG_Engine.lib)이(가) Library의 OutputFile 속성 값(C:\cpp\direct3d team project\KGCA_direct3D_Project\KG_GameProject\KG_GameProjects\KG_Engine\KG_Engine_D.lib)과 일치하지 않습니다. 이로 인해 프로젝트가 잘못 빌드될 수 있습니다. 이를 수정하려면 $(OutDir), $(TargetName) 및 $(TargetExt) 속성 값이 %(Lib.OutputFile)에 지정된 값과 일치해야 합니다.
C:\Program Files (x86)\Microsoft Visual Studio\2017\Community\Common7\IDE\VC\VCTargets\Microsoft.CppBuild.targets(1399,5): warning MSB8012: TargetName(KG_Engine)이(가) Library의 OutputFile 속성 값(KG_Engine_D)과 일치하지 않습니다. 이로 인해 프로젝트가 잘못 빌드될 수 있습니다. 이를 수정하려면 $(OutDir), $(TargetName) 및 $(TargetExt) 속성 값이 %(Lib.OutputFile)에 지정된 값과 일치해야 합니다.
  KG_Engine.vcxproj -> C:\cpp\direct3d team project\KGCA_direct3D_Project\KG_GameProject\KG_GameProjects\KG_Engine\../../output/Debug/KG_Engine/KG_Engine.lib
  KG_Engine_D.lib
  KG_Engine_R.lib
          2개 파일이 복사되었습니다.
  CBY_BoneBox.h
  CBY_BoneObj.h
  CBY_BoneParser.h
  CBY_Character.h
  CBY_CharacterCamera.h
  CBY_CharBox.h
  CBY_CharMgr.h
  CBY_DataCtrl.h
  CBY_Mesh.h
  CBY_MeshSkin.h
  CBY_Obj.h
  CBY_Object.h
  CBY_ObjectMgr.h
  CBY_ObjStd.h
  CBY_Parser.h
  CBY_SkinObj.h
  CBY_SkinParser.h
  CBY_Weapon.h
  JH_BaseObj.h
  JH_Map.h
  JH_MapObj.h
  KG_ArcBall.h
  KG_BackViewCamera.h
  KG_Camera.h
  KG_Collision.h
  KG_Core.h
  KG_DebugCamera.h
  KG_Device.h
  KG_DxHelperEx.h
  KG_DxHeper.h
  KG_DxRT.h
  KG_DxState.h
  KG_DXWrite.h
  KG_Frusutm.h
  KG_Input.h
  KG_MapLod.h
  KG_Math.h
  KG_Minimap.h
  KG_Model.h
  KG_ModelViewCamera.h
  KG_Node.h
  KG_ObjStd.h
  KG_Select.h
  KG_Shadow.h
  KG_ShapeBox.h
  KG_ShapeLine.h
  KG_ShapeMap.h
  KG_ShapeObject.h
  KG_SkyBox.h
  KG_Sound.h
  KG_SoundMgr.h
  KG_Sprite.h
  KG_Std.h
  KG_TextureMgr.h
  KG_Time.h
  KG_Window.h
  LightMgr.h
  LightObj.h
  MyEffectParser.h
  Myparser.h
  MyParticle.h
  NormalMap.h
  QuadTree.h
  Sprite.h
  SpriteTexture.h
  VFX_EffectObj.h
  VFX_Obj.h
  VFX_ObjMgr.h
         68개 파일이 복사되었습니다.
