d:\hubsub\cby_gameproject\output\debug\cby_charlib\vc141.pdb
d:\hubsub\cby_gameproject\output\debug\cby_charlib\vc141.idb
d:\hubsub\cby_gameproject\output\debug\cby_charlib\cshapeline.obj
d:\hubsub\cby_gameproject\output\debug\cby_charlib\cshapebox.obj
d:\hubsub\cby_gameproject\output\debug\cby_charlib\cmodelviewcamera.obj
d:\hubsub\cby_gameproject\output\debug\cby_charlib\cdxstate.obj
d:\hubsub\cby_gameproject\output\debug\cby_charlib\cdxhelperex.obj
d:\hubsub\cby_gameproject\output\debug\cby_charlib\cdxhelper.obj
d:\hubsub\cby_gameproject\output\debug\cby_charlib\ccamera.obj
d:\hubsub\cby_gameproject\output\debug\cby_charlib\cby_select.obj
d:\hubsub\cby_gameproject\output\debug\cby_charlib\cby_quadtreeindex.obj
d:\hubsub\cby_gameproject\output\debug\cby_charlib\cby_quadtree.obj
d:\hubsub\cby_gameproject\output\debug\cby_charlib\cby_node.obj
d:\hubsub\cby_gameproject\output\debug\cby_charlib\cby_minimap.obj
d:\hubsub\cby_gameproject\output\debug\cby_charlib\cby_maplod.obj
d:\hubsub\cby_gameproject\output\debug\cby_charlib\cby_input.obj
d:\hubsub\cby_gameproject\output\debug\cby_charlib\cby_frusutm.obj
d:\hubsub\cby_gameproject\output\debug\cby_charlib\cby_dxrt.obj
d:\hubsub\cby_gameproject\output\debug\cby_charlib\cby_backviewcamera.obj
d:\hubsub\cby_gameproject\output\debug\cby_charlib\cbywindow.obj
d:\hubsub\cby_gameproject\output\debug\cby_charlib\cbytime.obj
d:\hubsub\cby_gameproject\output\debug\cby_charlib\cbycore.obj
d:\hubsub\cby_gameproject\output\debug\cby_charlib\c_texturemgr.obj
d:\hubsub\cby_gameproject\output\debug\cby_charlib\c_soundmanager.obj
d:\hubsub\cby_gameproject\output\debug\cby_charlib\c_sound.obj
d:\hubsub\cby_gameproject\output\debug\cby_charlib\c_model.obj
d:\hubsub\cby_gameproject\output\debug\cby_charlib\c_math.obj
d:\hubsub\cby_gameproject\output\debug\cby_charlib\c_map_shape.obj
d:\hubsub\cby_gameproject\output\debug\cby_charlib\c_lightobj.obj
d:\hubsub\cby_gameproject\output\debug\cby_charlib\c_intersection.obj
d:\hubsub\cby_gameproject\output\debug\cby_charlib\c_dxwrite.obj
d:\hubsub\cby_gameproject\output\debug\cby_charlib\c_device.obj
d:\hubsub\cby_gameproject\output\debug\cby_charlib\c_debugcamera.obj
d:\hubsub\cby_gameproject\output\debug\cby_charlib\c_arcball.obj
d:\hubsub\cby_gameproject\output\debug\cby_charlib\csprite.obj
d:\hubsub\cby_gameproject\output\debug\cby_charlib\cshapeobject.obj
d:\hubsub\cby_gameproject\output\debug\cby_charlib\cshapemap.obj
d:\hubsub\cby_gameproject\output\debug\cby_charlib\cby_charlib.ilk
d:\hubsub\cby_gameproject\output\debug\cby_charlib\cby_charlib.dll
d:\hubsub\cby_gameproject\output\debug\cby_charlib\cby_charlib.pdb
d:\hubsub\cby_gameproject\cby_gameprojects\cby_charlib\../../output/debug/cby_charlib/cby_charlib.dll
d:\hubsub\cby_gameproject\output\debug\cby_charlib\cby_charlib.tlog\cl.command.1.tlog
d:\hubsub\cby_gameproject\output\debug\cby_charlib\cby_charlib.tlog\cl.read.1.tlog
d:\hubsub\cby_gameproject\output\debug\cby_charlib\cby_charlib.tlog\cl.write.1.tlog
d:\hubsub\cby_gameproject\output\debug\cby_charlib\cby_charlib.tlog\link.command.1.tlog
d:\hubsub\cby_gameproject\output\debug\cby_charlib\cby_charlib.tlog\link.read.1.tlog
d:\hubsub\cby_gameproject\output\debug\cby_charlib\cby_charlib.tlog\link.write.1.tlog
