  CBYCore.cpp
d:\hubsub\cby_gameproject\cby_gameprojects\cby_charlib\cstd.h(2): warning C4005: '_CRT_SECURE_NO_WARNINGS': 매크로 재정의
  d:\hubsub\cby_gameproject\cby_gameprojects\cby_charlib\cbycore.cpp: note: '_CRT_SECURE_NO_WARNINGS'의 이전 정의를 참조하십시오.
  CBYTime.cpp
d:\hubsub\cby_gameproject\cby_gameprojects\cby_charlib\cstd.h(2): warning C4005: '_CRT_SECURE_NO_WARNINGS': 매크로 재정의
  d:\hubsub\cby_gameproject\cby_gameprojects\cby_charlib\cbytime.cpp: note: '_CRT_SECURE_NO_WARNINGS'의 이전 정의를 참조하십시오.
  CBYWindow.cpp
d:\hubsub\cby_gameproject\cby_gameprojects\cby_charlib\cstd.h(2): warning C4005: '_CRT_SECURE_NO_WARNINGS': 매크로 재정의
  d:\hubsub\cby_gameproject\cby_gameprojects\cby_charlib\cbywindow.cpp: note: '_CRT_SECURE_NO_WARNINGS'의 이전 정의를 참조하십시오.
  CBY_BackViewCamera.cpp
d:\hubsub\cby_gameproject\cby_gameprojects\cby_charlib\cstd.h(2): warning C4005: '_CRT_SECURE_NO_WARNINGS': 매크로 재정의
  d:\hubsub\cby_gameproject\cby_gameprojects\cby_charlib\cby_backviewcamera.cpp: note: '_CRT_SECURE_NO_WARNINGS'의 이전 정의를 참조하십시오.
  CBY_DxRT.cpp
d:\hubsub\cby_gameproject\dx\include\dxgitype.h(12): warning C4005: 'DXGI_STATUS_OCCLUDED': 매크로 재정의
  c:\program files (x86)\windows kits\10\include\10.0.17763.0\shared\winerror.h(55460): note: 'DXGI_STATUS_OCCLUDED'의 이전 정의를 참조하십시오.
d:\hubsub\cby_gameproject\dx\include\dxgitype.h(13): warning C4005: 'DXGI_STATUS_CLIPPED': 매크로 재정의
  c:\program files (x86)\windows kits\10\include\10.0.17763.0\shared\winerror.h(55469): note: 'DXGI_STATUS_CLIPPED'의 이전 정의를 참조하십시오.
d:\hubsub\cby_gameproject\dx\include\dxgitype.h(14): warning C4005: 'DXGI_STATUS_NO_REDIRECTION': 매크로 재정의
  c:\program files (x86)\windows kits\10\include\10.0.17763.0\shared\winerror.h(55478): note: 'DXGI_STATUS_NO_REDIRECTION'의 이전 정의를 참조하십시오.
d:\hubsub\cby_gameproject\dx\include\dxgitype.h(15): warning C4005: 'DXGI_STATUS_NO_DESKTOP_ACCESS': 매크로 재정의
  c:\program files (x86)\windows kits\10\include\10.0.17763.0\shared\winerror.h(55487): note: 'DXGI_STATUS_NO_DESKTOP_ACCESS'의 이전 정의를 참조하십시오.
d:\hubsub\cby_gameproject\dx\include\dxgitype.h(16): warning C4005: 'DXGI_STATUS_GRAPHICS_VIDPN_SOURCE_IN_USE': 매크로 재정의
  c:\program files (x86)\windows kits\10\include\10.0.17763.0\shared\winerror.h(55496): note: 'DXGI_STATUS_GRAPHICS_VIDPN_SOURCE_IN_USE'의 이전 정의를 참조하십시오.
d:\hubsub\cby_gameproject\dx\include\dxgitype.h(17): warning C4005: 'DXGI_STATUS_MODE_CHANGED': 매크로 재정의
  c:\program files (x86)\windows kits\10\include\10.0.17763.0\shared\winerror.h(55505): note: 'DXGI_STATUS_MODE_CHANGED'의 이전 정의를 참조하십시오.
d:\hubsub\cby_gameproject\dx\include\dxgitype.h(18): warning C4005: 'DXGI_STATUS_MODE_CHANGE_IN_PROGRESS': 매크로 재정의
  c:\program files (x86)\windows kits\10\include\10.0.17763.0\shared\winerror.h(55514): note: 'DXGI_STATUS_MODE_CHANGE_IN_PROGRESS'의 이전 정의를 참조하십시오.
d:\hubsub\cby_gameproject\dx\include\dxgitype.h(21): warning C4005: 'DXGI_ERROR_INVALID_CALL': 매크로 재정의
  c:\program files (x86)\windows kits\10\include\10.0.17763.0\shared\winerror.h(55529): note: 'DXGI_ERROR_INVALID_CALL'의 이전 정의를 참조하십시오.
d:\hubsub\cby_gameproject\dx\include\dxgitype.h(22): warning C4005: 'DXGI_ERROR_NOT_FOUND': 매크로 재정의
  c:\program files (x86)\windows kits\10\include\10.0.17763.0\shared\winerror.h(55538): note: 'DXGI_ERROR_NOT_FOUND'의 이전 정의를 참조하십시오.
d:\hubsub\cby_gameproject\dx\include\dxgitype.h(23): warning C4005: 'DXGI_ERROR_MORE_DATA': 매크로 재정의
  c:\program files (x86)\windows kits\10\include\10.0.17763.0\shared\winerror.h(55547): note: 'DXGI_ERROR_MORE_DATA'의 이전 정의를 참조하십시오.
d:\hubsub\cby_gameproject\dx\include\dxgitype.h(24): warning C4005: 'DXGI_ERROR_UNSUPPORTED': 매크로 재정의
  c:\program files (x86)\windows kits\10\include\10.0.17763.0\shared\winerror.h(55556): note: 'DXGI_ERROR_UNSUPPORTED'의 이전 정의를 참조하십시오.
d:\hubsub\cby_gameproject\dx\include\dxgitype.h(25): warning C4005: 'DXGI_ERROR_DEVICE_REMOVED': 매크로 재정의
  c:\program files (x86)\windows kits\10\include\10.0.17763.0\shared\winerror.h(55565): note: 'DXGI_ERROR_DEVICE_REMOVED'의 이전 정의를 참조하십시오.
d:\hubsub\cby_gameproject\dx\include\dxgitype.h(26): warning C4005: 'DXGI_ERROR_DEVICE_HUNG': 매크로 재정의
  c:\program files (x86)\windows kits\10\include\10.0.17763.0\shared\winerror.h(55574): note: 'DXGI_ERROR_DEVICE_HUNG'의 이전 정의를 참조하십시오.
d:\hubsub\cby_gameproject\dx\include\dxgitype.h(27): warning C4005: 'DXGI_ERROR_DEVICE_RESET': 매크로 재정의
  c:\program files (x86)\windows kits\10\include\10.0.17763.0\shared\winerror.h(55584): note: 'DXGI_ERROR_DEVICE_RESET'의 이전 정의를 참조하십시오.
d:\hubsub\cby_gameproject\dx\include\dxgitype.h(28): warning C4005: 'DXGI_ERROR_WAS_STILL_DRAWING': 매크로 재정의
  c:\program files (x86)\windows kits\10\include\10.0.17763.0\shared\winerror.h(55593): note: 'DXGI_ERROR_WAS_STILL_DRAWING'의 이전 정의를 참조하십시오.
d:\hubsub\cby_gameproject\dx\include\dxgitype.h(29): warning C4005: 'DXGI_ERROR_FRAME_STATISTICS_DISJOINT': 매크로 재정의
  c:\program files (x86)\windows kits\10\include\10.0.17763.0\shared\winerror.h(55603): note: 'DXGI_ERROR_FRAME_STATISTICS_DISJOINT'의 이전 정의를 참조하십시오.
d:\hubsub\cby_gameproject\dx\include\dxgitype.h(30): warning C4005: 'DXGI_ERROR_GRAPHICS_VIDPN_SOURCE_IN_USE': 매크로 재정의
  c:\program files (x86)\windows kits\10\include\10.0.17763.0\shared\winerror.h(55612): note: 'DXGI_ERROR_GRAPHICS_VIDPN_SOURCE_IN_USE'의 이전 정의를 참조하십시오.
d:\hubsub\cby_gameproject\dx\include\dxgitype.h(31): warning C4005: 'DXGI_ERROR_DRIVER_INTERNAL_ERROR': 매크로 재정의
  c:\program files (x86)\windows kits\10\include\10.0.17763.0\shared\winerror.h(55622): note: 'DXGI_ERROR_DRIVER_INTERNAL_ERROR'의 이전 정의를 참조하십시오.
d:\hubsub\cby_gameproject\dx\include\dxgitype.h(32): warning C4005: 'DXGI_ERROR_NONEXCLUSIVE': 매크로 재정의
  c:\program files (x86)\windows kits\10\include\10.0.17763.0\shared\winerror.h(55631): note: 'DXGI_ERROR_NONEXCLUSIVE'의 이전 정의를 참조하십시오.
d:\hubsub\cby_gameproject\dx\include\dxgitype.h(33): warning C4005: 'DXGI_ERROR_NOT_CURRENTLY_AVAILABLE': 매크로 재정의
  c:\program files (x86)\windows kits\10\include\10.0.17763.0\shared\winerror.h(55640): note: 'DXGI_ERROR_NOT_CURRENTLY_AVAILABLE'의 이전 정의를 참조하십시오.
d:\hubsub\cby_gameproject\dx\include\dxgitype.h(34): warning C4005: 'DXGI_ERROR_REMOTE_CLIENT_DISCONNECTED': 매크로 재정의
  c:\program files (x86)\windows kits\10\include\10.0.17763.0\shared\winerror.h(55650): note: 'DXGI_ERROR_REMOTE_CLIENT_DISCONNECTED'의 이전 정의를 참조하십시오.
d:\hubsub\cby_gameproject\dx\include\dxgitype.h(35): warning C4005: 'DXGI_ERROR_REMOTE_OUTOFMEMORY': 매크로 재정의
  c:\program files (x86)\windows kits\10\include\10.0.17763.0\shared\winerror.h(55659): note: 'DXGI_ERROR_REMOTE_OUTOFMEMORY'의 이전 정의를 참조하십시오.
d:\hubsub\cby_gameproject\dx\include\d3d11.h(917): warning C4005: 'D3D11_ERROR_TOO_MANY_UNIQUE_STATE_OBJECTS': 매크로 재정의
  c:\program files (x86)\windows kits\10\include\10.0.17763.0\shared\winerror.h(55923): note: 'D3D11_ERROR_TOO_MANY_UNIQUE_STATE_OBJECTS'의 이전 정의를 참조하십시오.
d:\hubsub\cby_gameproject\dx\include\d3d11.h(918): warning C4005: 'D3D11_ERROR_FILE_NOT_FOUND': 매크로 재정의
  c:\program files (x86)\windows kits\10\include\10.0.17763.0\shared\winerror.h(55932): note: 'D3D11_ERROR_FILE_NOT_FOUND'의 이전 정의를 참조하십시오.
d:\hubsub\cby_gameproject\dx\include\d3d11.h(919): warning C4005: 'D3D11_ERROR_TOO_MANY_UNIQUE_VIEW_OBJECTS': 매크로 재정의
  c:\program files (x86)\windows kits\10\include\10.0.17763.0\shared\winerror.h(55942): note: 'D3D11_ERROR_TOO_MANY_UNIQUE_VIEW_OBJECTS'의 이전 정의를 참조하십시오.
d:\hubsub\cby_gameproject\dx\include\d3d11.h(920): warning C4005: 'D3D11_ERROR_DEFERRED_CONTEXT_MAP_WITHOUT_INITIAL_DISCARD': 매크로 재정의
  c:\program files (x86)\windows kits\10\include\10.0.17763.0\shared\winerror.h(55951): note: 'D3D11_ERROR_DEFERRED_CONTEXT_MAP_WITHOUT_INITIAL_DISCARD'의 이전 정의를 참조하십시오.
d:\hubsub\cby_gameproject\dx\include\d3d10.h(608): warning C4005: 'D3D10_ERROR_TOO_MANY_UNIQUE_STATE_OBJECTS': 매크로 재정의
  c:\program files (x86)\windows kits\10\include\10.0.17763.0\shared\winerror.h(55899): note: 'D3D10_ERROR_TOO_MANY_UNIQUE_STATE_OBJECTS'의 이전 정의를 참조하십시오.
d:\hubsub\cby_gameproject\dx\include\d3d10.h(609): warning C4005: 'D3D10_ERROR_FILE_NOT_FOUND': 매크로 재정의
  c:\program files (x86)\windows kits\10\include\10.0.17763.0\shared\winerror.h(55908): note: 'D3D10_ERROR_FILE_NOT_FOUND'의 이전 정의를 참조하십시오.
d:\hubsub\cby_gameproject\cby_gameprojects\cby_charlib\cstd.h(2): warning C4005: '_CRT_SECURE_NO_WARNINGS': 매크로 재정의
  d:\hubsub\cby_gameproject\cby_gameprojects\cby_charlib\cby_dxrt.cpp: note: '_CRT_SECURE_NO_WARNINGS'의 이전 정의를 참조하십시오.
d:\hubsub\cby_gameproject\cby_gameprojects\cby_charlib\cby_dxrt.cpp(43): warning C4244: '인수': 'float'에서 'UINT'(으)로 변환하면서 데이터가 손실될 수 있습니다.
d:\hubsub\cby_gameproject\cby_gameprojects\cby_charlib\cby_dxrt.cpp(55): warning C4244: '=': 'UINT'에서 'FLOAT'(으)로 변환하면서 데이터가 손실될 수 있습니다.
d:\hubsub\cby_gameproject\cby_gameprojects\cby_charlib\cby_dxrt.cpp(56): warning C4244: '=': 'UINT'에서 'FLOAT'(으)로 변환하면서 데이터가 손실될 수 있습니다.
  CBY_Frusutm.cpp
d:\hubsub\cby_gameproject\cby_gameprojects\cby_charlib\cstd.h(2): warning C4005: '_CRT_SECURE_NO_WARNINGS': 매크로 재정의
  d:\hubsub\cby_gameproject\cby_gameprojects\cby_charlib\cby_frusutm.cpp: note: '_CRT_SECURE_NO_WARNINGS'의 이전 정의를 참조하십시오.
  CBY_Input.cpp
d:\hubsub\cby_gameproject\cby_gameprojects\cby_charlib\cstd.h(2): warning C4005: '_CRT_SECURE_NO_WARNINGS': 매크로 재정의
  d:\hubsub\cby_gameproject\cby_gameprojects\cby_charlib\cby_input.cpp: note: '_CRT_SECURE_NO_WARNINGS'의 이전 정의를 참조하십시오.
  CBY_MapLOD.cpp
d:\hubsub\cby_gameproject\cby_gameprojects\cby_charlib\cstd.h(2): warning C4005: '_CRT_SECURE_NO_WARNINGS': 매크로 재정의
  d:\hubsub\cby_gameproject\cby_gameprojects\cby_charlib\cby_maplod.cpp: note: '_CRT_SECURE_NO_WARNINGS'의 이전 정의를 참조하십시오.
  CBY_Minimap.cpp
d:\hubsub\cby_gameproject\cby_gameprojects\cby_charlib\cstd.h(2): warning C4005: '_CRT_SECURE_NO_WARNINGS': 매크로 재정의
  d:\hubsub\cby_gameproject\cby_gameprojects\cby_charlib\cby_minimap.cpp: note: '_CRT_SECURE_NO_WARNINGS'의 이전 정의를 참조하십시오.
d:\hubsub\cby_gameproject\cby_gameprojects\cby_charlib\cby_minimap.cpp(19): warning C4305: '인수': 'double'에서 'FLOAT'(으)로 잘립니다.
  CBY_Node.cpp
d:\hubsub\cby_gameproject\cby_gameprojects\cby_charlib\cstd.h(2): warning C4005: '_CRT_SECURE_NO_WARNINGS': 매크로 재정의
  d:\hubsub\cby_gameproject\cby_gameprojects\cby_charlib\cby_node.cpp: note: '_CRT_SECURE_NO_WARNINGS'의 이전 정의를 참조하십시오.
  CBY_QuadTree.cpp
d:\hubsub\cby_gameproject\cby_gameprojects\cby_charlib\cstd.h(2): warning C4005: '_CRT_SECURE_NO_WARNINGS': 매크로 재정의
  d:\hubsub\cby_gameproject\cby_gameprojects\cby_charlib\cby_quadtree.cpp: note: '_CRT_SECURE_NO_WARNINGS'의 이전 정의를 참조하십시오.
d:\hubsub\cby_gameproject\cby_gameprojects\cby_charlib\cby_quadtree.cpp(236): warning C4267: '인수': 'size_t'에서 'UINT'(으)로 변환하면서 데이터가 손실될 수 있습니다.
d:\hubsub\cby_gameproject\cby_gameprojects\cby_charlib\cby_quadtree.cpp(246): warning C4267: '인수': 'size_t'에서 'UINT'(으)로 변환하면서 데이터가 손실될 수 있습니다.
d:\hubsub\cby_gameproject\cby_gameprojects\cby_charlib\cby_quadtree.cpp(310): warning C4267: '인수': 'size_t'에서 'UINT'(으)로 변환하면서 데이터가 손실될 수 있습니다.
d:\hubsub\cby_gameproject\cby_gameprojects\cby_charlib\cby_quadtree.cpp(326): warning C4267: '인수': 'size_t'에서 'UINT'(으)로 변환하면서 데이터가 손실될 수 있습니다.
d:\hubsub\cby_gameproject\cby_gameprojects\cby_charlib\cby_quadtree.cpp(515): warning C4101: 'fDistance' :참조되지 않은 지역 변수입니다.
d:\hubsub\cby_gameproject\cby_gameprojects\cby_charlib\cby_quadtree.cpp(571): warning C4244: '인수': 'double'에서 'float'(으)로 변환하면서 데이터가 손실될 수 있습니다.
d:\hubsub\cby_gameproject\cby_gameprojects\cby_charlib\cby_quadtree.cpp(620): warning C4244: '=': 'float'에서 'int'(으)로 변환하면서 데이터가 손실될 수 있습니다.
d:\hubsub\cby_gameproject\cby_gameprojects\cby_charlib\cby_quadtree.cpp(682): warning C4244: '=': 'float'에서 'BYTE'(으)로 변환하면서 데이터가 손실될 수 있습니다.
d:\hubsub\cby_gameproject\cby_gameprojects\cby_charlib\cby_quadtree.cpp(691): warning C4244: '=': 'float'에서 'BYTE'(으)로 변환하면서 데이터가 손실될 수 있습니다.
d:\hubsub\cby_gameproject\cby_gameprojects\cby_charlib\cby_quadtree.cpp(700): warning C4244: '=': 'float'에서 'BYTE'(으)로 변환하면서 데이터가 손실될 수 있습니다.
d:\hubsub\cby_gameproject\cby_gameprojects\cby_charlib\cby_quadtree.cpp(709): warning C4244: '=': 'float'에서 'BYTE'(으)로 변환하면서 데이터가 손실될 수 있습니다.
d:\hubsub\cby_gameproject\cby_gameprojects\cby_charlib\cby_quadtree.cpp(727): warning C4101: 'check' :참조되지 않은 지역 변수입니다.
d:\hubsub\cby_gameproject\cby_gameprojects\cby_charlib\cby_quadtree.cpp(828): warning C4244: '=': 'float'에서 'BYTE'(으)로 변환하면서 데이터가 손실될 수 있습니다.
d:\hubsub\cby_gameproject\cby_gameprojects\cby_charlib\cby_quadtree.cpp(832): warning C4244: '=': 'float'에서 'BYTE'(으)로 변환하면서 데이터가 손실될 수 있습니다.
  CBY_QuadTreeIndex.cpp
d:\hubsub\cby_gameproject\cby_gameprojects\cby_charlib\cstd.h(2): warning C4005: '_CRT_SECURE_NO_WARNINGS': 매크로 재정의
  d:\hubsub\cby_gameproject\cby_gameprojects\cby_charlib\cby_quadtreeindex.cpp: note: '_CRT_SECURE_NO_WARNINGS'의 이전 정의를 참조하십시오.
d:\hubsub\cby_gameproject\cby_gameprojects\cby_charlib\cby_quadtreeindex.cpp(10): warning C4018: '<': signed 또는 unsigned가 일치하지 않습니다.
d:\hubsub\cby_gameproject\cby_gameprojects\cby_charlib\cby_quadtreeindex.cpp(12): warning C4018: '<': signed 또는 unsigned가 일치하지 않습니다.
  CBY_Select.cpp
d:\hubsub\cby_gameproject\cby_gameprojects\cby_charlib\cstd.h(2): warning C4005: '_CRT_SECURE_NO_WARNINGS': 매크로 재정의
  d:\hubsub\cby_gameproject\cby_gameprojects\cby_charlib\cby_select.cpp: note: '_CRT_SECURE_NO_WARNINGS'의 이전 정의를 참조하십시오.
  CCamera.cpp
d:\hubsub\cby_gameproject\cby_gameprojects\cby_charlib\cstd.h(2): warning C4005: '_CRT_SECURE_NO_WARNINGS': 매크로 재정의
  d:\hubsub\cby_gameproject\cby_gameprojects\cby_charlib\ccamera.cpp: note: '_CRT_SECURE_NO_WARNINGS'의 이전 정의를 참조하십시오.
d:\hubsub\cby_gameproject\cby_gameprojects\cby_charlib\ccamera.cpp(47): warning C4305: '인수': 'double'에서 'float'(으)로 잘립니다.
d:\hubsub\cby_gameproject\cby_gameprojects\cby_charlib\ccamera.cpp(69): warning C4244: '인수': 'LONG'에서 'FLOAT'(으)로 변환하면서 데이터가 손실될 수 있습니다.
d:\hubsub\cby_gameproject\cby_gameprojects\cby_charlib\ccamera.cpp(68): warning C4244: '인수': 'LONG'에서 'FLOAT'(으)로 변환하면서 데이터가 손실될 수 있습니다.
  CDxHelper.cpp
d:\hubsub\cby_gameproject\dx\include\dxgitype.h(12): warning C4005: 'DXGI_STATUS_OCCLUDED': 매크로 재정의
  c:\program files (x86)\windows kits\10\include\10.0.17763.0\shared\winerror.h(55460): note: 'DXGI_STATUS_OCCLUDED'의 이전 정의를 참조하십시오.
d:\hubsub\cby_gameproject\dx\include\dxgitype.h(13): warning C4005: 'DXGI_STATUS_CLIPPED': 매크로 재정의
  c:\program files (x86)\windows kits\10\include\10.0.17763.0\shared\winerror.h(55469): note: 'DXGI_STATUS_CLIPPED'의 이전 정의를 참조하십시오.
d:\hubsub\cby_gameproject\dx\include\dxgitype.h(14): warning C4005: 'DXGI_STATUS_NO_REDIRECTION': 매크로 재정의
  c:\program files (x86)\windows kits\10\include\10.0.17763.0\shared\winerror.h(55478): note: 'DXGI_STATUS_NO_REDIRECTION'의 이전 정의를 참조하십시오.
d:\hubsub\cby_gameproject\dx\include\dxgitype.h(15): warning C4005: 'DXGI_STATUS_NO_DESKTOP_ACCESS': 매크로 재정의
  c:\program files (x86)\windows kits\10\include\10.0.17763.0\shared\winerror.h(55487): note: 'DXGI_STATUS_NO_DESKTOP_ACCESS'의 이전 정의를 참조하십시오.
d:\hubsub\cby_gameproject\dx\include\dxgitype.h(16): warning C4005: 'DXGI_STATUS_GRAPHICS_VIDPN_SOURCE_IN_USE': 매크로 재정의
  c:\program files (x86)\windows kits\10\include\10.0.17763.0\shared\winerror.h(55496): note: 'DXGI_STATUS_GRAPHICS_VIDPN_SOURCE_IN_USE'의 이전 정의를 참조하십시오.
d:\hubsub\cby_gameproject\dx\include\dxgitype.h(17): warning C4005: 'DXGI_STATUS_MODE_CHANGED': 매크로 재정의
  c:\program files (x86)\windows kits\10\include\10.0.17763.0\shared\winerror.h(55505): note: 'DXGI_STATUS_MODE_CHANGED'의 이전 정의를 참조하십시오.
d:\hubsub\cby_gameproject\dx\include\dxgitype.h(18): warning C4005: 'DXGI_STATUS_MODE_CHANGE_IN_PROGRESS': 매크로 재정의
  c:\program files (x86)\windows kits\10\include\10.0.17763.0\shared\winerror.h(55514): note: 'DXGI_STATUS_MODE_CHANGE_IN_PROGRESS'의 이전 정의를 참조하십시오.
d:\hubsub\cby_gameproject\dx\include\dxgitype.h(21): warning C4005: 'DXGI_ERROR_INVALID_CALL': 매크로 재정의
  c:\program files (x86)\windows kits\10\include\10.0.17763.0\shared\winerror.h(55529): note: 'DXGI_ERROR_INVALID_CALL'의 이전 정의를 참조하십시오.
d:\hubsub\cby_gameproject\dx\include\dxgitype.h(22): warning C4005: 'DXGI_ERROR_NOT_FOUND': 매크로 재정의
  c:\program files (x86)\windows kits\10\include\10.0.17763.0\shared\winerror.h(55538): note: 'DXGI_ERROR_NOT_FOUND'의 이전 정의를 참조하십시오.
d:\hubsub\cby_gameproject\dx\include\dxgitype.h(23): warning C4005: 'DXGI_ERROR_MORE_DATA': 매크로 재정의
  c:\program files (x86)\windows kits\10\include\10.0.17763.0\shared\winerror.h(55547): note: 'DXGI_ERROR_MORE_DATA'의 이전 정의를 참조하십시오.
d:\hubsub\cby_gameproject\dx\include\dxgitype.h(24): warning C4005: 'DXGI_ERROR_UNSUPPORTED': 매크로 재정의
  c:\program files (x86)\windows kits\10\include\10.0.17763.0\shared\winerror.h(55556): note: 'DXGI_ERROR_UNSUPPORTED'의 이전 정의를 참조하십시오.
d:\hubsub\cby_gameproject\dx\include\dxgitype.h(25): warning C4005: 'DXGI_ERROR_DEVICE_REMOVED': 매크로 재정의
  c:\program files (x86)\windows kits\10\include\10.0.17763.0\shared\winerror.h(55565): note: 'DXGI_ERROR_DEVICE_REMOVED'의 이전 정의를 참조하십시오.
d:\hubsub\cby_gameproject\dx\include\dxgitype.h(26): warning C4005: 'DXGI_ERROR_DEVICE_HUNG': 매크로 재정의
  c:\program files (x86)\windows kits\10\include\10.0.17763.0\shared\winerror.h(55574): note: 'DXGI_ERROR_DEVICE_HUNG'의 이전 정의를 참조하십시오.
d:\hubsub\cby_gameproject\dx\include\dxgitype.h(27): warning C4005: 'DXGI_ERROR_DEVICE_RESET': 매크로 재정의
  c:\program files (x86)\windows kits\10\include\10.0.17763.0\shared\winerror.h(55584): note: 'DXGI_ERROR_DEVICE_RESET'의 이전 정의를 참조하십시오.
d:\hubsub\cby_gameproject\dx\include\dxgitype.h(28): warning C4005: 'DXGI_ERROR_WAS_STILL_DRAWING': 매크로 재정의
  c:\program files (x86)\windows kits\10\include\10.0.17763.0\shared\winerror.h(55593): note: 'DXGI_ERROR_WAS_STILL_DRAWING'의 이전 정의를 참조하십시오.
d:\hubsub\cby_gameproject\dx\include\dxgitype.h(29): warning C4005: 'DXGI_ERROR_FRAME_STATISTICS_DISJOINT': 매크로 재정의
  c:\program files (x86)\windows kits\10\include\10.0.17763.0\shared\winerror.h(55603): note: 'DXGI_ERROR_FRAME_STATISTICS_DISJOINT'의 이전 정의를 참조하십시오.
d:\hubsub\cby_gameproject\dx\include\dxgitype.h(30): warning C4005: 'DXGI_ERROR_GRAPHICS_VIDPN_SOURCE_IN_USE': 매크로 재정의
  c:\program files (x86)\windows kits\10\include\10.0.17763.0\shared\winerror.h(55612): note: 'DXGI_ERROR_GRAPHICS_VIDPN_SOURCE_IN_USE'의 이전 정의를 참조하십시오.
d:\hubsub\cby_gameproject\dx\include\dxgitype.h(31): warning C4005: 'DXGI_ERROR_DRIVER_INTERNAL_ERROR': 매크로 재정의
  c:\program files (x86)\windows kits\10\include\10.0.17763.0\shared\winerror.h(55622): note: 'DXGI_ERROR_DRIVER_INTERNAL_ERROR'의 이전 정의를 참조하십시오.
d:\hubsub\cby_gameproject\dx\include\dxgitype.h(32): warning C4005: 'DXGI_ERROR_NONEXCLUSIVE': 매크로 재정의
  c:\program files (x86)\windows kits\10\include\10.0.17763.0\shared\winerror.h(55631): note: 'DXGI_ERROR_NONEXCLUSIVE'의 이전 정의를 참조하십시오.
d:\hubsub\cby_gameproject\dx\include\dxgitype.h(33): warning C4005: 'DXGI_ERROR_NOT_CURRENTLY_AVAILABLE': 매크로 재정의
  c:\program files (x86)\windows kits\10\include\10.0.17763.0\shared\winerror.h(55640): note: 'DXGI_ERROR_NOT_CURRENTLY_AVAILABLE'의 이전 정의를 참조하십시오.
d:\hubsub\cby_gameproject\dx\include\dxgitype.h(34): warning C4005: 'DXGI_ERROR_REMOTE_CLIENT_DISCONNECTED': 매크로 재정의
  c:\program files (x86)\windows kits\10\include\10.0.17763.0\shared\winerror.h(55650): note: 'DXGI_ERROR_REMOTE_CLIENT_DISCONNECTED'의 이전 정의를 참조하십시오.
d:\hubsub\cby_gameproject\dx\include\dxgitype.h(35): warning C4005: 'DXGI_ERROR_REMOTE_OUTOFMEMORY': 매크로 재정의
  c:\program files (x86)\windows kits\10\include\10.0.17763.0\shared\winerror.h(55659): note: 'DXGI_ERROR_REMOTE_OUTOFMEMORY'의 이전 정의를 참조하십시오.
d:\hubsub\cby_gameproject\dx\include\d3d11.h(917): warning C4005: 'D3D11_ERROR_TOO_MANY_UNIQUE_STATE_OBJECTS': 매크로 재정의
  c:\program files (x86)\windows kits\10\include\10.0.17763.0\shared\winerror.h(55923): note: 'D3D11_ERROR_TOO_MANY_UNIQUE_STATE_OBJECTS'의 이전 정의를 참조하십시오.
d:\hubsub\cby_gameproject\dx\include\d3d11.h(918): warning C4005: 'D3D11_ERROR_FILE_NOT_FOUND': 매크로 재정의
  c:\program files (x86)\windows kits\10\include\10.0.17763.0\shared\winerror.h(55932): note: 'D3D11_ERROR_FILE_NOT_FOUND'의 이전 정의를 참조하십시오.
d:\hubsub\cby_gameproject\dx\include\d3d11.h(919): warning C4005: 'D3D11_ERROR_TOO_MANY_UNIQUE_VIEW_OBJECTS': 매크로 재정의
  c:\program files (x86)\windows kits\10\include\10.0.17763.0\shared\winerror.h(55942): note: 'D3D11_ERROR_TOO_MANY_UNIQUE_VIEW_OBJECTS'의 이전 정의를 참조하십시오.
d:\hubsub\cby_gameproject\dx\include\d3d11.h(920): warning C4005: 'D3D11_ERROR_DEFERRED_CONTEXT_MAP_WITHOUT_INITIAL_DISCARD': 매크로 재정의
  c:\program files (x86)\windows kits\10\include\10.0.17763.0\shared\winerror.h(55951): note: 'D3D11_ERROR_DEFERRED_CONTEXT_MAP_WITHOUT_INITIAL_DISCARD'의 이전 정의를 참조하십시오.
d:\hubsub\cby_gameproject\dx\include\d3d10.h(608): warning C4005: 'D3D10_ERROR_TOO_MANY_UNIQUE_STATE_OBJECTS': 매크로 재정의
  c:\program files (x86)\windows kits\10\include\10.0.17763.0\shared\winerror.h(55899): note: 'D3D10_ERROR_TOO_MANY_UNIQUE_STATE_OBJECTS'의 이전 정의를 참조하십시오.
d:\hubsub\cby_gameproject\dx\include\d3d10.h(609): warning C4005: 'D3D10_ERROR_FILE_NOT_FOUND': 매크로 재정의
  c:\program files (x86)\windows kits\10\include\10.0.17763.0\shared\winerror.h(55908): note: 'D3D10_ERROR_FILE_NOT_FOUND'의 이전 정의를 참조하십시오.
  CDxHelperEx.cpp
d:\hubsub\cby_gameproject\dx\include\dxgitype.h(12): warning C4005: 'DXGI_STATUS_OCCLUDED': 매크로 재정의
  c:\program files (x86)\windows kits\10\include\10.0.17763.0\shared\winerror.h(55460): note: 'DXGI_STATUS_OCCLUDED'의 이전 정의를 참조하십시오.
d:\hubsub\cby_gameproject\dx\include\dxgitype.h(13): warning C4005: 'DXGI_STATUS_CLIPPED': 매크로 재정의
  c:\program files (x86)\windows kits\10\include\10.0.17763.0\shared\winerror.h(55469): note: 'DXGI_STATUS_CLIPPED'의 이전 정의를 참조하십시오.
d:\hubsub\cby_gameproject\dx\include\dxgitype.h(14): warning C4005: 'DXGI_STATUS_NO_REDIRECTION': 매크로 재정의
  c:\program files (x86)\windows kits\10\include\10.0.17763.0\shared\winerror.h(55478): note: 'DXGI_STATUS_NO_REDIRECTION'의 이전 정의를 참조하십시오.
d:\hubsub\cby_gameproject\dx\include\dxgitype.h(15): warning C4005: 'DXGI_STATUS_NO_DESKTOP_ACCESS': 매크로 재정의
  c:\program files (x86)\windows kits\10\include\10.0.17763.0\shared\winerror.h(55487): note: 'DXGI_STATUS_NO_DESKTOP_ACCESS'의 이전 정의를 참조하십시오.
d:\hubsub\cby_gameproject\dx\include\dxgitype.h(16): warning C4005: 'DXGI_STATUS_GRAPHICS_VIDPN_SOURCE_IN_USE': 매크로 재정의
  c:\program files (x86)\windows kits\10\include\10.0.17763.0\shared\winerror.h(55496): note: 'DXGI_STATUS_GRAPHICS_VIDPN_SOURCE_IN_USE'의 이전 정의를 참조하십시오.
d:\hubsub\cby_gameproject\dx\include\dxgitype.h(17): warning C4005: 'DXGI_STATUS_MODE_CHANGED': 매크로 재정의
  c:\program files (x86)\windows kits\10\include\10.0.17763.0\shared\winerror.h(55505): note: 'DXGI_STATUS_MODE_CHANGED'의 이전 정의를 참조하십시오.
d:\hubsub\cby_gameproject\dx\include\dxgitype.h(18): warning C4005: 'DXGI_STATUS_MODE_CHANGE_IN_PROGRESS': 매크로 재정의
  c:\program files (x86)\windows kits\10\include\10.0.17763.0\shared\winerror.h(55514): note: 'DXGI_STATUS_MODE_CHANGE_IN_PROGRESS'의 이전 정의를 참조하십시오.
d:\hubsub\cby_gameproject\dx\include\dxgitype.h(21): warning C4005: 'DXGI_ERROR_INVALID_CALL': 매크로 재정의
  c:\program files (x86)\windows kits\10\include\10.0.17763.0\shared\winerror.h(55529): note: 'DXGI_ERROR_INVALID_CALL'의 이전 정의를 참조하십시오.
d:\hubsub\cby_gameproject\dx\include\dxgitype.h(22): warning C4005: 'DXGI_ERROR_NOT_FOUND': 매크로 재정의
  c:\program files (x86)\windows kits\10\include\10.0.17763.0\shared\winerror.h(55538): note: 'DXGI_ERROR_NOT_FOUND'의 이전 정의를 참조하십시오.
d:\hubsub\cby_gameproject\dx\include\dxgitype.h(23): warning C4005: 'DXGI_ERROR_MORE_DATA': 매크로 재정의
  c:\program files (x86)\windows kits\10\include\10.0.17763.0\shared\winerror.h(55547): note: 'DXGI_ERROR_MORE_DATA'의 이전 정의를 참조하십시오.
d:\hubsub\cby_gameproject\dx\include\dxgitype.h(24): warning C4005: 'DXGI_ERROR_UNSUPPORTED': 매크로 재정의
  c:\program files (x86)\windows kits\10\include\10.0.17763.0\shared\winerror.h(55556): note: 'DXGI_ERROR_UNSUPPORTED'의 이전 정의를 참조하십시오.
d:\hubsub\cby_gameproject\dx\include\dxgitype.h(25): warning C4005: 'DXGI_ERROR_DEVICE_REMOVED': 매크로 재정의
  c:\program files (x86)\windows kits\10\include\10.0.17763.0\shared\winerror.h(55565): note: 'DXGI_ERROR_DEVICE_REMOVED'의 이전 정의를 참조하십시오.
d:\hubsub\cby_gameproject\dx\include\dxgitype.h(26): warning C4005: 'DXGI_ERROR_DEVICE_HUNG': 매크로 재정의
  c:\program files (x86)\windows kits\10\include\10.0.17763.0\shared\winerror.h(55574): note: 'DXGI_ERROR_DEVICE_HUNG'의 이전 정의를 참조하십시오.
d:\hubsub\cby_gameproject\dx\include\dxgitype.h(27): warning C4005: 'DXGI_ERROR_DEVICE_RESET': 매크로 재정의
  c:\program files (x86)\windows kits\10\include\10.0.17763.0\shared\winerror.h(55584): note: 'DXGI_ERROR_DEVICE_RESET'의 이전 정의를 참조하십시오.
d:\hubsub\cby_gameproject\dx\include\dxgitype.h(28): warning C4005: 'DXGI_ERROR_WAS_STILL_DRAWING': 매크로 재정의
  c:\program files (x86)\windows kits\10\include\10.0.17763.0\shared\winerror.h(55593): note: 'DXGI_ERROR_WAS_STILL_DRAWING'의 이전 정의를 참조하십시오.
d:\hubsub\cby_gameproject\dx\include\dxgitype.h(29): warning C4005: 'DXGI_ERROR_FRAME_STATISTICS_DISJOINT': 매크로 재정의
  c:\program files (x86)\windows kits\10\include\10.0.17763.0\shared\winerror.h(55603): note: 'DXGI_ERROR_FRAME_STATISTICS_DISJOINT'의 이전 정의를 참조하십시오.
d:\hubsub\cby_gameproject\dx\include\dxgitype.h(30): warning C4005: 'DXGI_ERROR_GRAPHICS_VIDPN_SOURCE_IN_USE': 매크로 재정의
  c:\program files (x86)\windows kits\10\include\10.0.17763.0\shared\winerror.h(55612): note: 'DXGI_ERROR_GRAPHICS_VIDPN_SOURCE_IN_USE'의 이전 정의를 참조하십시오.
d:\hubsub\cby_gameproject\dx\include\dxgitype.h(31): warning C4005: 'DXGI_ERROR_DRIVER_INTERNAL_ERROR': 매크로 재정의
  c:\program files (x86)\windows kits\10\include\10.0.17763.0\shared\winerror.h(55622): note: 'DXGI_ERROR_DRIVER_INTERNAL_ERROR'의 이전 정의를 참조하십시오.
d:\hubsub\cby_gameproject\dx\include\dxgitype.h(32): warning C4005: 'DXGI_ERROR_NONEXCLUSIVE': 매크로 재정의
  c:\program files (x86)\windows kits\10\include\10.0.17763.0\shared\winerror.h(55631): note: 'DXGI_ERROR_NONEXCLUSIVE'의 이전 정의를 참조하십시오.
d:\hubsub\cby_gameproject\dx\include\dxgitype.h(33): warning C4005: 'DXGI_ERROR_NOT_CURRENTLY_AVAILABLE': 매크로 재정의
  c:\program files (x86)\windows kits\10\include\10.0.17763.0\shared\winerror.h(55640): note: 'DXGI_ERROR_NOT_CURRENTLY_AVAILABLE'의 이전 정의를 참조하십시오.
d:\hubsub\cby_gameproject\dx\include\dxgitype.h(34): warning C4005: 'DXGI_ERROR_REMOTE_CLIENT_DISCONNECTED': 매크로 재정의
  c:\program files (x86)\windows kits\10\include\10.0.17763.0\shared\winerror.h(55650): note: 'DXGI_ERROR_REMOTE_CLIENT_DISCONNECTED'의 이전 정의를 참조하십시오.
d:\hubsub\cby_gameproject\dx\include\dxgitype.h(35): warning C4005: 'DXGI_ERROR_REMOTE_OUTOFMEMORY': 매크로 재정의
  c:\program files (x86)\windows kits\10\include\10.0.17763.0\shared\winerror.h(55659): note: 'DXGI_ERROR_REMOTE_OUTOFMEMORY'의 이전 정의를 참조하십시오.
d:\hubsub\cby_gameproject\dx\include\d3d11.h(917): warning C4005: 'D3D11_ERROR_TOO_MANY_UNIQUE_STATE_OBJECTS': 매크로 재정의
  c:\program files (x86)\windows kits\10\include\10.0.17763.0\shared\winerror.h(55923): note: 'D3D11_ERROR_TOO_MANY_UNIQUE_STATE_OBJECTS'의 이전 정의를 참조하십시오.
d:\hubsub\cby_gameproject\dx\include\d3d11.h(918): warning C4005: 'D3D11_ERROR_FILE_NOT_FOUND': 매크로 재정의
  c:\program files (x86)\windows kits\10\include\10.0.17763.0\shared\winerror.h(55932): note: 'D3D11_ERROR_FILE_NOT_FOUND'의 이전 정의를 참조하십시오.
d:\hubsub\cby_gameproject\dx\include\d3d11.h(919): warning C4005: 'D3D11_ERROR_TOO_MANY_UNIQUE_VIEW_OBJECTS': 매크로 재정의
  c:\program files (x86)\windows kits\10\include\10.0.17763.0\shared\winerror.h(55942): note: 'D3D11_ERROR_TOO_MANY_UNIQUE_VIEW_OBJECTS'의 이전 정의를 참조하십시오.
d:\hubsub\cby_gameproject\dx\include\d3d11.h(920): warning C4005: 'D3D11_ERROR_DEFERRED_CONTEXT_MAP_WITHOUT_INITIAL_DISCARD': 매크로 재정의
  c:\program files (x86)\windows kits\10\include\10.0.17763.0\shared\winerror.h(55951): note: 'D3D11_ERROR_DEFERRED_CONTEXT_MAP_WITHOUT_INITIAL_DISCARD'의 이전 정의를 참조하십시오.
d:\hubsub\cby_gameproject\dx\include\d3d10.h(608): warning C4005: 'D3D10_ERROR_TOO_MANY_UNIQUE_STATE_OBJECTS': 매크로 재정의
  c:\program files (x86)\windows kits\10\include\10.0.17763.0\shared\winerror.h(55899): note: 'D3D10_ERROR_TOO_MANY_UNIQUE_STATE_OBJECTS'의 이전 정의를 참조하십시오.
d:\hubsub\cby_gameproject\dx\include\d3d10.h(609): warning C4005: 'D3D10_ERROR_FILE_NOT_FOUND': 매크로 재정의
  c:\program files (x86)\windows kits\10\include\10.0.17763.0\shared\winerror.h(55908): note: 'D3D10_ERROR_FILE_NOT_FOUND'의 이전 정의를 참조하십시오.
  CDxState.cpp
d:\hubsub\cby_gameproject\dx\include\dxgitype.h(12): warning C4005: 'DXGI_STATUS_OCCLUDED': 매크로 재정의
  c:\program files (x86)\windows kits\10\include\10.0.17763.0\shared\winerror.h(55460): note: 'DXGI_STATUS_OCCLUDED'의 이전 정의를 참조하십시오.
d:\hubsub\cby_gameproject\dx\include\dxgitype.h(13): warning C4005: 'DXGI_STATUS_CLIPPED': 매크로 재정의
  c:\program files (x86)\windows kits\10\include\10.0.17763.0\shared\winerror.h(55469): note: 'DXGI_STATUS_CLIPPED'의 이전 정의를 참조하십시오.
d:\hubsub\cby_gameproject\dx\include\dxgitype.h(14): warning C4005: 'DXGI_STATUS_NO_REDIRECTION': 매크로 재정의
  c:\program files (x86)\windows kits\10\include\10.0.17763.0\shared\winerror.h(55478): note: 'DXGI_STATUS_NO_REDIRECTION'의 이전 정의를 참조하십시오.
d:\hubsub\cby_gameproject\dx\include\dxgitype.h(15): warning C4005: 'DXGI_STATUS_NO_DESKTOP_ACCESS': 매크로 재정의
  c:\program files (x86)\windows kits\10\include\10.0.17763.0\shared\winerror.h(55487): note: 'DXGI_STATUS_NO_DESKTOP_ACCESS'의 이전 정의를 참조하십시오.
d:\hubsub\cby_gameproject\dx\include\dxgitype.h(16): warning C4005: 'DXGI_STATUS_GRAPHICS_VIDPN_SOURCE_IN_USE': 매크로 재정의
  c:\program files (x86)\windows kits\10\include\10.0.17763.0\shared\winerror.h(55496): note: 'DXGI_STATUS_GRAPHICS_VIDPN_SOURCE_IN_USE'의 이전 정의를 참조하십시오.
d:\hubsub\cby_gameproject\dx\include\dxgitype.h(17): warning C4005: 'DXGI_STATUS_MODE_CHANGED': 매크로 재정의
  c:\program files (x86)\windows kits\10\include\10.0.17763.0\shared\winerror.h(55505): note: 'DXGI_STATUS_MODE_CHANGED'의 이전 정의를 참조하십시오.
d:\hubsub\cby_gameproject\dx\include\dxgitype.h(18): warning C4005: 'DXGI_STATUS_MODE_CHANGE_IN_PROGRESS': 매크로 재정의
  c:\program files (x86)\windows kits\10\include\10.0.17763.0\shared\winerror.h(55514): note: 'DXGI_STATUS_MODE_CHANGE_IN_PROGRESS'의 이전 정의를 참조하십시오.
d:\hubsub\cby_gameproject\dx\include\dxgitype.h(21): warning C4005: 'DXGI_ERROR_INVALID_CALL': 매크로 재정의
  c:\program files (x86)\windows kits\10\include\10.0.17763.0\shared\winerror.h(55529): note: 'DXGI_ERROR_INVALID_CALL'의 이전 정의를 참조하십시오.
d:\hubsub\cby_gameproject\dx\include\dxgitype.h(22): warning C4005: 'DXGI_ERROR_NOT_FOUND': 매크로 재정의
  c:\program files (x86)\windows kits\10\include\10.0.17763.0\shared\winerror.h(55538): note: 'DXGI_ERROR_NOT_FOUND'의 이전 정의를 참조하십시오.
d:\hubsub\cby_gameproject\dx\include\dxgitype.h(23): warning C4005: 'DXGI_ERROR_MORE_DATA': 매크로 재정의
  c:\program files (x86)\windows kits\10\include\10.0.17763.0\shared\winerror.h(55547): note: 'DXGI_ERROR_MORE_DATA'의 이전 정의를 참조하십시오.
d:\hubsub\cby_gameproject\dx\include\dxgitype.h(24): warning C4005: 'DXGI_ERROR_UNSUPPORTED': 매크로 재정의
  c:\program files (x86)\windows kits\10\include\10.0.17763.0\shared\winerror.h(55556): note: 'DXGI_ERROR_UNSUPPORTED'의 이전 정의를 참조하십시오.
d:\hubsub\cby_gameproject\dx\include\dxgitype.h(25): warning C4005: 'DXGI_ERROR_DEVICE_REMOVED': 매크로 재정의
  c:\program files (x86)\windows kits\10\include\10.0.17763.0\shared\winerror.h(55565): note: 'DXGI_ERROR_DEVICE_REMOVED'의 이전 정의를 참조하십시오.
d:\hubsub\cby_gameproject\dx\include\dxgitype.h(26): warning C4005: 'DXGI_ERROR_DEVICE_HUNG': 매크로 재정의
  c:\program files (x86)\windows kits\10\include\10.0.17763.0\shared\winerror.h(55574): note: 'DXGI_ERROR_DEVICE_HUNG'의 이전 정의를 참조하십시오.
d:\hubsub\cby_gameproject\dx\include\dxgitype.h(27): warning C4005: 'DXGI_ERROR_DEVICE_RESET': 매크로 재정의
  c:\program files (x86)\windows kits\10\include\10.0.17763.0\shared\winerror.h(55584): note: 'DXGI_ERROR_DEVICE_RESET'의 이전 정의를 참조하십시오.
d:\hubsub\cby_gameproject\dx\include\dxgitype.h(28): warning C4005: 'DXGI_ERROR_WAS_STILL_DRAWING': 매크로 재정의
  c:\program files (x86)\windows kits\10\include\10.0.17763.0\shared\winerror.h(55593): note: 'DXGI_ERROR_WAS_STILL_DRAWING'의 이전 정의를 참조하십시오.
d:\hubsub\cby_gameproject\dx\include\dxgitype.h(29): warning C4005: 'DXGI_ERROR_FRAME_STATISTICS_DISJOINT': 매크로 재정의
  c:\program files (x86)\windows kits\10\include\10.0.17763.0\shared\winerror.h(55603): note: 'DXGI_ERROR_FRAME_STATISTICS_DISJOINT'의 이전 정의를 참조하십시오.
d:\hubsub\cby_gameproject\dx\include\dxgitype.h(30): warning C4005: 'DXGI_ERROR_GRAPHICS_VIDPN_SOURCE_IN_USE': 매크로 재정의
  c:\program files (x86)\windows kits\10\include\10.0.17763.0\shared\winerror.h(55612): note: 'DXGI_ERROR_GRAPHICS_VIDPN_SOURCE_IN_USE'의 이전 정의를 참조하십시오.
d:\hubsub\cby_gameproject\dx\include\dxgitype.h(31): warning C4005: 'DXGI_ERROR_DRIVER_INTERNAL_ERROR': 매크로 재정의
  c:\program files (x86)\windows kits\10\include\10.0.17763.0\shared\winerror.h(55622): note: 'DXGI_ERROR_DRIVER_INTERNAL_ERROR'의 이전 정의를 참조하십시오.
d:\hubsub\cby_gameproject\dx\include\dxgitype.h(32): warning C4005: 'DXGI_ERROR_NONEXCLUSIVE': 매크로 재정의
  c:\program files (x86)\windows kits\10\include\10.0.17763.0\shared\winerror.h(55631): note: 'DXGI_ERROR_NONEXCLUSIVE'의 이전 정의를 참조하십시오.
d:\hubsub\cby_gameproject\dx\include\dxgitype.h(33): warning C4005: 'DXGI_ERROR_NOT_CURRENTLY_AVAILABLE': 매크로 재정의
  c:\program files (x86)\windows kits\10\include\10.0.17763.0\shared\winerror.h(55640): note: 'DXGI_ERROR_NOT_CURRENTLY_AVAILABLE'의 이전 정의를 참조하십시오.
d:\hubsub\cby_gameproject\dx\include\dxgitype.h(34): warning C4005: 'DXGI_ERROR_REMOTE_CLIENT_DISCONNECTED': 매크로 재정의
  c:\program files (x86)\windows kits\10\include\10.0.17763.0\shared\winerror.h(55650): note: 'DXGI_ERROR_REMOTE_CLIENT_DISCONNECTED'의 이전 정의를 참조하십시오.
d:\hubsub\cby_gameproject\dx\include\dxgitype.h(35): warning C4005: 'DXGI_ERROR_REMOTE_OUTOFMEMORY': 매크로 재정의
  c:\program files (x86)\windows kits\10\include\10.0.17763.0\shared\winerror.h(55659): note: 'DXGI_ERROR_REMOTE_OUTOFMEMORY'의 이전 정의를 참조하십시오.
d:\hubsub\cby_gameproject\dx\include\d3d11.h(917): warning C4005: 'D3D11_ERROR_TOO_MANY_UNIQUE_STATE_OBJECTS': 매크로 재정의
  c:\program files (x86)\windows kits\10\include\10.0.17763.0\shared\winerror.h(55923): note: 'D3D11_ERROR_TOO_MANY_UNIQUE_STATE_OBJECTS'의 이전 정의를 참조하십시오.
d:\hubsub\cby_gameproject\dx\include\d3d11.h(918): warning C4005: 'D3D11_ERROR_FILE_NOT_FOUND': 매크로 재정의
  c:\program files (x86)\windows kits\10\include\10.0.17763.0\shared\winerror.h(55932): note: 'D3D11_ERROR_FILE_NOT_FOUND'의 이전 정의를 참조하십시오.
d:\hubsub\cby_gameproject\dx\include\d3d11.h(919): warning C4005: 'D3D11_ERROR_TOO_MANY_UNIQUE_VIEW_OBJECTS': 매크로 재정의
  c:\program files (x86)\windows kits\10\include\10.0.17763.0\shared\winerror.h(55942): note: 'D3D11_ERROR_TOO_MANY_UNIQUE_VIEW_OBJECTS'의 이전 정의를 참조하십시오.
d:\hubsub\cby_gameproject\dx\include\d3d11.h(920): warning C4005: 'D3D11_ERROR_DEFERRED_CONTEXT_MAP_WITHOUT_INITIAL_DISCARD': 매크로 재정의
  c:\program files (x86)\windows kits\10\include\10.0.17763.0\shared\winerror.h(55951): note: 'D3D11_ERROR_DEFERRED_CONTEXT_MAP_WITHOUT_INITIAL_DISCARD'의 이전 정의를 참조하십시오.
d:\hubsub\cby_gameproject\dx\include\d3d10.h(608): warning C4005: 'D3D10_ERROR_TOO_MANY_UNIQUE_STATE_OBJECTS': 매크로 재정의
  c:\program files (x86)\windows kits\10\include\10.0.17763.0\shared\winerror.h(55899): note: 'D3D10_ERROR_TOO_MANY_UNIQUE_STATE_OBJECTS'의 이전 정의를 참조하십시오.
d:\hubsub\cby_gameproject\dx\include\d3d10.h(609): warning C4005: 'D3D10_ERROR_FILE_NOT_FOUND': 매크로 재정의
  c:\program files (x86)\windows kits\10\include\10.0.17763.0\shared\winerror.h(55908): note: 'D3D10_ERROR_FILE_NOT_FOUND'의 이전 정의를 참조하십시오.
  CModelViewCamera.cpp
d:\hubsub\cby_gameproject\cby_gameprojects\cby_charlib\cstd.h(2): warning C4005: '_CRT_SECURE_NO_WARNINGS': 매크로 재정의
  d:\hubsub\cby_gameproject\cby_gameprojects\cby_charlib\cmodelviewcamera.cpp: note: '_CRT_SECURE_NO_WARNINGS'의 이전 정의를 참조하십시오.
  CShapeBox.cpp
d:\hubsub\cby_gameproject\cby_gameprojects\cby_charlib\cstd.h(2): warning C4005: '_CRT_SECURE_NO_WARNINGS': 매크로 재정의
  d:\hubsub\cby_gameproject\cby_gameprojects\cby_charlib\cshapebox.cpp: note: '_CRT_SECURE_NO_WARNINGS'의 이전 정의를 참조하십시오.
  CShapeLine.cpp
d:\hubsub\cby_gameproject\cby_gameprojects\cby_charlib\cstd.h(2): warning C4005: '_CRT_SECURE_NO_WARNINGS': 매크로 재정의
  d:\hubsub\cby_gameproject\cby_gameprojects\cby_charlib\cshapeline.cpp: note: '_CRT_SECURE_NO_WARNINGS'의 이전 정의를 참조하십시오.
d:\hubsub\cby_gameproject\cby_gameprojects\cby_charlib\cshapeline.cpp(38): warning C4267: '=': 'size_t'에서 'UINT'(으)로 변환하면서 데이터가 손실될 수 있습니다.
d:\hubsub\cby_gameproject\cby_gameprojects\cby_charlib\cshapeline.cpp(42): warning C4267: '=': 'size_t'에서 'UINT'(으)로 변환하면서 데이터가 손실될 수 있습니다.
  컴파일하고 있습니다...
  CShapeMap.cpp
d:\hubsub\cby_gameproject\cby_gameprojects\cby_charlib\cstd.h(2): warning C4005: '_CRT_SECURE_NO_WARNINGS': 매크로 재정의
  d:\hubsub\cby_gameproject\cby_gameprojects\cby_charlib\cshapemap.cpp: note: '_CRT_SECURE_NO_WARNINGS'의 이전 정의를 참조하십시오.
d:\hubsub\cby_gameproject\cby_gameprojects\cby_charlib\cshapemap.cpp(51): warning C4267: '초기화 중': 'size_t'에서 'int'(으)로 변환하면서 데이터가 손실될 수 있습니다.
  CShapeObject.cpp
d:\hubsub\cby_gameproject\cby_gameprojects\cby_charlib\cstd.h(2): warning C4005: '_CRT_SECURE_NO_WARNINGS': 매크로 재정의
  d:\hubsub\cby_gameproject\cby_gameprojects\cby_charlib\cshapeobject.cpp: note: '_CRT_SECURE_NO_WARNINGS'의 이전 정의를 참조하십시오.
d:\hubsub\cby_gameproject\cby_gameprojects\cby_charlib\cshapeobject.cpp(45): warning C4267: '초기화 중': 'size_t'에서 'int'(으)로 변환하면서 데이터가 손실될 수 있습니다.
  CSprite.cpp
d:\hubsub\cby_gameproject\cby_gameprojects\cby_charlib\cstd.h(2): warning C4005: '_CRT_SECURE_NO_WARNINGS': 매크로 재정의
  d:\hubsub\cby_gameproject\cby_gameprojects\cby_charlib\csprite.cpp: note: '_CRT_SECURE_NO_WARNINGS'의 이전 정의를 참조하십시오.
d:\hubsub\cby_gameproject\cby_gameprojects\cby_charlib\csprite.cpp(16): warning C4267: '=': 'size_t'에서 'int'(으)로 변환하면서 데이터가 손실될 수 있습니다.
d:\hubsub\cby_gameproject\cby_gameprojects\cby_charlib\csprite.cpp(34): warning C4267: '=': 'size_t'에서 'int'(으)로 변환하면서 데이터가 손실될 수 있습니다.
d:\hubsub\cby_gameproject\cby_gameprojects\cby_charlib\csprite.cpp(53): warning C4267: '초기화 중': 'size_t'에서 'int'(으)로 변환하면서 데이터가 손실될 수 있습니다.
d:\hubsub\cby_gameproject\cby_gameprojects\cby_charlib\csprite.cpp(69): warning C4267: '=': 'size_t'에서 'int'(으)로 변환하면서 데이터가 손실될 수 있습니다.
d:\hubsub\cby_gameproject\cby_gameprojects\cby_charlib\csprite.cpp(75): warning C4244: '=': 'int'에서 'float'(으)로 변환하면서 데이터가 손실될 수 있습니다.
d:\hubsub\cby_gameproject\cby_gameprojects\cby_charlib\csprite.cpp(76): warning C4244: '=': 'int'에서 'float'(으)로 변환하면서 데이터가 손실될 수 있습니다.
d:\hubsub\cby_gameproject\cby_gameprojects\cby_charlib\csprite.cpp(77): warning C4244: '=': 'int'에서 'float'(으)로 변환하면서 데이터가 손실될 수 있습니다.
d:\hubsub\cby_gameproject\cby_gameprojects\cby_charlib\csprite.cpp(78): warning C4244: '=': 'int'에서 'float'(으)로 변환하면서 데이터가 손실될 수 있습니다.
d:\hubsub\cby_gameproject\cby_gameprojects\cby_charlib\csprite.cpp(86): warning C4244: '=': 'int'에서 'float'(으)로 변환하면서 데이터가 손실될 수 있습니다.
d:\hubsub\cby_gameproject\cby_gameprojects\cby_charlib\csprite.cpp(87): warning C4244: '=': 'int'에서 'float'(으)로 변환하면서 데이터가 손실될 수 있습니다.
d:\hubsub\cby_gameproject\cby_gameprojects\cby_charlib\csprite.cpp(88): warning C4244: '=': 'int'에서 'float'(으)로 변환하면서 데이터가 손실될 수 있습니다.
d:\hubsub\cby_gameproject\cby_gameprojects\cby_charlib\csprite.cpp(89): warning C4244: '=': 'int'에서 'float'(으)로 변환하면서 데이터가 손실될 수 있습니다.
d:\hubsub\cby_gameproject\cby_gameprojects\cby_charlib\csprite.cpp(243): warning C4267: '초기화 중': 'size_t'에서 'int'(으)로 변환하면서 데이터가 손실될 수 있습니다.
  C_ArcBall.cpp
d:\hubsub\cby_gameproject\cby_gameprojects\cby_charlib\cstd.h(2): warning C4005: '_CRT_SECURE_NO_WARNINGS': 매크로 재정의
  d:\hubsub\cby_gameproject\cby_gameprojects\cby_charlib\c_arcball.cpp: note: '_CRT_SECURE_NO_WARNINGS'의 이전 정의를 참조하십시오.
d:\hubsub\cby_gameproject\cby_gameprojects\cby_charlib\c_arcball.cpp(37): warning C4244: '인수': 'int'에서 'float'(으)로 변환하면서 데이터가 손실될 수 있습니다.
d:\hubsub\cby_gameproject\cby_gameprojects\cby_charlib\c_arcball.cpp(43): warning C4244: '인수': 'int'에서 'float'(으)로 변환하면서 데이터가 손실될 수 있습니다.
  C_DebugCamera.cpp
d:\hubsub\cby_gameproject\cby_gameprojects\cby_charlib\cstd.h(2): warning C4005: '_CRT_SECURE_NO_WARNINGS': 매크로 재정의
  d:\hubsub\cby_gameproject\cby_gameprojects\cby_charlib\c_debugcamera.cpp: note: '_CRT_SECURE_NO_WARNINGS'의 이전 정의를 참조하십시오.
  C_Device.cpp
d:\hubsub\cby_gameproject\cby_gameprojects\cby_charlib\cstd.h(2): warning C4005: '_CRT_SECURE_NO_WARNINGS': 매크로 재정의
  d:\hubsub\cby_gameproject\cby_gameprojects\cby_charlib\c_device.cpp: note: '_CRT_SECURE_NO_WARNINGS'의 이전 정의를 참조하십시오.
d:\hubsub\cby_gameproject\cby_gameprojects\cby_charlib\c_device.cpp(176): warning C4244: '=': 'LONG'에서 'FLOAT'(으)로 변환하면서 데이터가 손실될 수 있습니다.
d:\hubsub\cby_gameproject\cby_gameprojects\cby_charlib\c_device.cpp(177): warning C4244: '=': 'LONG'에서 'FLOAT'(으)로 변환하면서 데이터가 손실될 수 있습니다.
  C_DXWrite.cpp
d:\hubsub\cby_gameproject\dx\include\dxgitype.h(12): warning C4005: 'DXGI_STATUS_OCCLUDED': 매크로 재정의
  c:\program files (x86)\windows kits\10\include\10.0.17763.0\shared\winerror.h(55460): note: 'DXGI_STATUS_OCCLUDED'의 이전 정의를 참조하십시오.
d:\hubsub\cby_gameproject\dx\include\dxgitype.h(13): warning C4005: 'DXGI_STATUS_CLIPPED': 매크로 재정의
  c:\program files (x86)\windows kits\10\include\10.0.17763.0\shared\winerror.h(55469): note: 'DXGI_STATUS_CLIPPED'의 이전 정의를 참조하십시오.
d:\hubsub\cby_gameproject\dx\include\dxgitype.h(14): warning C4005: 'DXGI_STATUS_NO_REDIRECTION': 매크로 재정의
  c:\program files (x86)\windows kits\10\include\10.0.17763.0\shared\winerror.h(55478): note: 'DXGI_STATUS_NO_REDIRECTION'의 이전 정의를 참조하십시오.
d:\hubsub\cby_gameproject\dx\include\dxgitype.h(15): warning C4005: 'DXGI_STATUS_NO_DESKTOP_ACCESS': 매크로 재정의
  c:\program files (x86)\windows kits\10\include\10.0.17763.0\shared\winerror.h(55487): note: 'DXGI_STATUS_NO_DESKTOP_ACCESS'의 이전 정의를 참조하십시오.
d:\hubsub\cby_gameproject\dx\include\dxgitype.h(16): warning C4005: 'DXGI_STATUS_GRAPHICS_VIDPN_SOURCE_IN_USE': 매크로 재정의
  c:\program files (x86)\windows kits\10\include\10.0.17763.0\shared\winerror.h(55496): note: 'DXGI_STATUS_GRAPHICS_VIDPN_SOURCE_IN_USE'의 이전 정의를 참조하십시오.
d:\hubsub\cby_gameproject\dx\include\dxgitype.h(17): warning C4005: 'DXGI_STATUS_MODE_CHANGED': 매크로 재정의
  c:\program files (x86)\windows kits\10\include\10.0.17763.0\shared\winerror.h(55505): note: 'DXGI_STATUS_MODE_CHANGED'의 이전 정의를 참조하십시오.
d:\hubsub\cby_gameproject\dx\include\dxgitype.h(18): warning C4005: 'DXGI_STATUS_MODE_CHANGE_IN_PROGRESS': 매크로 재정의
  c:\program files (x86)\windows kits\10\include\10.0.17763.0\shared\winerror.h(55514): note: 'DXGI_STATUS_MODE_CHANGE_IN_PROGRESS'의 이전 정의를 참조하십시오.
d:\hubsub\cby_gameproject\dx\include\dxgitype.h(21): warning C4005: 'DXGI_ERROR_INVALID_CALL': 매크로 재정의
  c:\program files (x86)\windows kits\10\include\10.0.17763.0\shared\winerror.h(55529): note: 'DXGI_ERROR_INVALID_CALL'의 이전 정의를 참조하십시오.
d:\hubsub\cby_gameproject\dx\include\dxgitype.h(22): warning C4005: 'DXGI_ERROR_NOT_FOUND': 매크로 재정의
  c:\program files (x86)\windows kits\10\include\10.0.17763.0\shared\winerror.h(55538): note: 'DXGI_ERROR_NOT_FOUND'의 이전 정의를 참조하십시오.
d:\hubsub\cby_gameproject\dx\include\dxgitype.h(23): warning C4005: 'DXGI_ERROR_MORE_DATA': 매크로 재정의
  c:\program files (x86)\windows kits\10\include\10.0.17763.0\shared\winerror.h(55547): note: 'DXGI_ERROR_MORE_DATA'의 이전 정의를 참조하십시오.
d:\hubsub\cby_gameproject\dx\include\dxgitype.h(24): warning C4005: 'DXGI_ERROR_UNSUPPORTED': 매크로 재정의
  c:\program files (x86)\windows kits\10\include\10.0.17763.0\shared\winerror.h(55556): note: 'DXGI_ERROR_UNSUPPORTED'의 이전 정의를 참조하십시오.
d:\hubsub\cby_gameproject\dx\include\dxgitype.h(25): warning C4005: 'DXGI_ERROR_DEVICE_REMOVED': 매크로 재정의
  c:\program files (x86)\windows kits\10\include\10.0.17763.0\shared\winerror.h(55565): note: 'DXGI_ERROR_DEVICE_REMOVED'의 이전 정의를 참조하십시오.
d:\hubsub\cby_gameproject\dx\include\dxgitype.h(26): warning C4005: 'DXGI_ERROR_DEVICE_HUNG': 매크로 재정의
  c:\program files (x86)\windows kits\10\include\10.0.17763.0\shared\winerror.h(55574): note: 'DXGI_ERROR_DEVICE_HUNG'의 이전 정의를 참조하십시오.
d:\hubsub\cby_gameproject\dx\include\dxgitype.h(27): warning C4005: 'DXGI_ERROR_DEVICE_RESET': 매크로 재정의
  c:\program files (x86)\windows kits\10\include\10.0.17763.0\shared\winerror.h(55584): note: 'DXGI_ERROR_DEVICE_RESET'의 이전 정의를 참조하십시오.
d:\hubsub\cby_gameproject\dx\include\dxgitype.h(28): warning C4005: 'DXGI_ERROR_WAS_STILL_DRAWING': 매크로 재정의
  c:\program files (x86)\windows kits\10\include\10.0.17763.0\shared\winerror.h(55593): note: 'DXGI_ERROR_WAS_STILL_DRAWING'의 이전 정의를 참조하십시오.
d:\hubsub\cby_gameproject\dx\include\dxgitype.h(29): warning C4005: 'DXGI_ERROR_FRAME_STATISTICS_DISJOINT': 매크로 재정의
  c:\program files (x86)\windows kits\10\include\10.0.17763.0\shared\winerror.h(55603): note: 'DXGI_ERROR_FRAME_STATISTICS_DISJOINT'의 이전 정의를 참조하십시오.
d:\hubsub\cby_gameproject\dx\include\dxgitype.h(30): warning C4005: 'DXGI_ERROR_GRAPHICS_VIDPN_SOURCE_IN_USE': 매크로 재정의
  c:\program files (x86)\windows kits\10\include\10.0.17763.0\shared\winerror.h(55612): note: 'DXGI_ERROR_GRAPHICS_VIDPN_SOURCE_IN_USE'의 이전 정의를 참조하십시오.
d:\hubsub\cby_gameproject\dx\include\dxgitype.h(31): warning C4005: 'DXGI_ERROR_DRIVER_INTERNAL_ERROR': 매크로 재정의
  c:\program files (x86)\windows kits\10\include\10.0.17763.0\shared\winerror.h(55622): note: 'DXGI_ERROR_DRIVER_INTERNAL_ERROR'의 이전 정의를 참조하십시오.
d:\hubsub\cby_gameproject\dx\include\dxgitype.h(32): warning C4005: 'DXGI_ERROR_NONEXCLUSIVE': 매크로 재정의
  c:\program files (x86)\windows kits\10\include\10.0.17763.0\shared\winerror.h(55631): note: 'DXGI_ERROR_NONEXCLUSIVE'의 이전 정의를 참조하십시오.
d:\hubsub\cby_gameproject\dx\include\dxgitype.h(33): warning C4005: 'DXGI_ERROR_NOT_CURRENTLY_AVAILABLE': 매크로 재정의
  c:\program files (x86)\windows kits\10\include\10.0.17763.0\shared\winerror.h(55640): note: 'DXGI_ERROR_NOT_CURRENTLY_AVAILABLE'의 이전 정의를 참조하십시오.
d:\hubsub\cby_gameproject\dx\include\dxgitype.h(34): warning C4005: 'DXGI_ERROR_REMOTE_CLIENT_DISCONNECTED': 매크로 재정의
  c:\program files (x86)\windows kits\10\include\10.0.17763.0\shared\winerror.h(55650): note: 'DXGI_ERROR_REMOTE_CLIENT_DISCONNECTED'의 이전 정의를 참조하십시오.
d:\hubsub\cby_gameproject\dx\include\dxgitype.h(35): warning C4005: 'DXGI_ERROR_REMOTE_OUTOFMEMORY': 매크로 재정의
  c:\program files (x86)\windows kits\10\include\10.0.17763.0\shared\winerror.h(55659): note: 'DXGI_ERROR_REMOTE_OUTOFMEMORY'의 이전 정의를 참조하십시오.
d:\hubsub\cby_gameproject\dx\include\d3d11.h(917): warning C4005: 'D3D11_ERROR_TOO_MANY_UNIQUE_STATE_OBJECTS': 매크로 재정의
  c:\program files (x86)\windows kits\10\include\10.0.17763.0\shared\winerror.h(55923): note: 'D3D11_ERROR_TOO_MANY_UNIQUE_STATE_OBJECTS'의 이전 정의를 참조하십시오.
d:\hubsub\cby_gameproject\dx\include\d3d11.h(918): warning C4005: 'D3D11_ERROR_FILE_NOT_FOUND': 매크로 재정의
  c:\program files (x86)\windows kits\10\include\10.0.17763.0\shared\winerror.h(55932): note: 'D3D11_ERROR_FILE_NOT_FOUND'의 이전 정의를 참조하십시오.
d:\hubsub\cby_gameproject\dx\include\d3d11.h(919): warning C4005: 'D3D11_ERROR_TOO_MANY_UNIQUE_VIEW_OBJECTS': 매크로 재정의
  c:\program files (x86)\windows kits\10\include\10.0.17763.0\shared\winerror.h(55942): note: 'D3D11_ERROR_TOO_MANY_UNIQUE_VIEW_OBJECTS'의 이전 정의를 참조하십시오.
d:\hubsub\cby_gameproject\dx\include\d3d11.h(920): warning C4005: 'D3D11_ERROR_DEFERRED_CONTEXT_MAP_WITHOUT_INITIAL_DISCARD': 매크로 재정의
  c:\program files (x86)\windows kits\10\include\10.0.17763.0\shared\winerror.h(55951): note: 'D3D11_ERROR_DEFERRED_CONTEXT_MAP_WITHOUT_INITIAL_DISCARD'의 이전 정의를 참조하십시오.
d:\hubsub\cby_gameproject\dx\include\d3d10.h(608): warning C4005: 'D3D10_ERROR_TOO_MANY_UNIQUE_STATE_OBJECTS': 매크로 재정의
  c:\program files (x86)\windows kits\10\include\10.0.17763.0\shared\winerror.h(55899): note: 'D3D10_ERROR_TOO_MANY_UNIQUE_STATE_OBJECTS'의 이전 정의를 참조하십시오.
d:\hubsub\cby_gameproject\dx\include\d3d10.h(609): warning C4005: 'D3D10_ERROR_FILE_NOT_FOUND': 매크로 재정의
  c:\program files (x86)\windows kits\10\include\10.0.17763.0\shared\winerror.h(55908): note: 'D3D10_ERROR_FILE_NOT_FOUND'의 이전 정의를 참조하십시오.
d:\hubsub\cby_gameproject\dx\include\d2derr.h(59): warning C4005: 'D2DERR_WRONG_STATE': 매크로 재정의
  c:\program files (x86)\windows kits\10\include\10.0.17763.0\shared\winerror.h(55988): note: 'D2DERR_WRONG_STATE'의 이전 정의를 참조하십시오.
d:\hubsub\cby_gameproject\dx\include\d2derr.h(64): warning C4005: 'D2DERR_NOT_INITIALIZED': 매크로 재정의
  c:\program files (x86)\windows kits\10\include\10.0.17763.0\shared\winerror.h(55997): note: 'D2DERR_NOT_INITIALIZED'의 이전 정의를 참조하십시오.
d:\hubsub\cby_gameproject\dx\include\d2derr.h(69): warning C4005: 'D2DERR_UNSUPPORTED_OPERATION': 매크로 재정의
  c:\program files (x86)\windows kits\10\include\10.0.17763.0\shared\winerror.h(56006): note: 'D2DERR_UNSUPPORTED_OPERATION'의 이전 정의를 참조하십시오.
d:\hubsub\cby_gameproject\dx\include\d2derr.h(74): warning C4005: 'D2DERR_SCANNER_FAILED': 매크로 재정의
  c:\program files (x86)\windows kits\10\include\10.0.17763.0\shared\winerror.h(56015): note: 'D2DERR_SCANNER_FAILED'의 이전 정의를 참조하십시오.
d:\hubsub\cby_gameproject\dx\include\d2derr.h(79): warning C4005: 'D2DERR_SCREEN_ACCESS_DENIED': 매크로 재정의
  c:\program files (x86)\windows kits\10\include\10.0.17763.0\shared\winerror.h(56024): note: 'D2DERR_SCREEN_ACCESS_DENIED'의 이전 정의를 참조하십시오.
d:\hubsub\cby_gameproject\dx\include\d2derr.h(84): warning C4005: 'D2DERR_DISPLAY_STATE_INVALID': 매크로 재정의
  c:\program files (x86)\windows kits\10\include\10.0.17763.0\shared\winerror.h(56033): note: 'D2DERR_DISPLAY_STATE_INVALID'의 이전 정의를 참조하십시오.
d:\hubsub\cby_gameproject\dx\include\d2derr.h(89): warning C4005: 'D2DERR_ZERO_VECTOR': 매크로 재정의
  c:\program files (x86)\windows kits\10\include\10.0.17763.0\shared\winerror.h(56042): note: 'D2DERR_ZERO_VECTOR'의 이전 정의를 참조하십시오.
d:\hubsub\cby_gameproject\dx\include\d2derr.h(97): warning C4005: 'D2DERR_INTERNAL_ERROR': 매크로 재정의
  c:\program files (x86)\windows kits\10\include\10.0.17763.0\shared\winerror.h(56051): note: 'D2DERR_INTERNAL_ERROR'의 이전 정의를 참조하십시오.
d:\hubsub\cby_gameproject\dx\include\d2derr.h(103): warning C4005: 'D2DERR_DISPLAY_FORMAT_NOT_SUPPORTED': 매크로 재정의
  c:\program files (x86)\windows kits\10\include\10.0.17763.0\shared\winerror.h(56060): note: 'D2DERR_DISPLAY_FORMAT_NOT_SUPPORTED'의 이전 정의를 참조하십시오.
d:\hubsub\cby_gameproject\dx\include\d2derr.h(108): warning C4005: 'D2DERR_INVALID_CALL': 매크로 재정의
  c:\program files (x86)\windows kits\10\include\10.0.17763.0\shared\winerror.h(56069): note: 'D2DERR_INVALID_CALL'의 이전 정의를 참조하십시오.
d:\hubsub\cby_gameproject\dx\include\d2derr.h(113): warning C4005: 'D2DERR_NO_HARDWARE_DEVICE': 매크로 재정의
  c:\program files (x86)\windows kits\10\include\10.0.17763.0\shared\winerror.h(56078): note: 'D2DERR_NO_HARDWARE_DEVICE'의 이전 정의를 참조하십시오.
d:\hubsub\cby_gameproject\dx\include\d2derr.h(119): warning C4005: 'D2DERR_RECREATE_TARGET': 매크로 재정의
  c:\program files (x86)\windows kits\10\include\10.0.17763.0\shared\winerror.h(56087): note: 'D2DERR_RECREATE_TARGET'의 이전 정의를 참조하십시오.
d:\hubsub\cby_gameproject\dx\include\d2derr.h(124): warning C4005: 'D2DERR_TOO_MANY_SHADER_ELEMENTS': 매크로 재정의
  c:\program files (x86)\windows kits\10\include\10.0.17763.0\shared\winerror.h(56096): note: 'D2DERR_TOO_MANY_SHADER_ELEMENTS'의 이전 정의를 참조하십시오.
d:\hubsub\cby_gameproject\dx\include\d2derr.h(129): warning C4005: 'D2DERR_SHADER_COMPILE_FAILED': 매크로 재정의
  c:\program files (x86)\windows kits\10\include\10.0.17763.0\shared\winerror.h(56105): note: 'D2DERR_SHADER_COMPILE_FAILED'의 이전 정의를 참조하십시오.
d:\hubsub\cby_gameproject\dx\include\d2derr.h(134): warning C4005: 'D2DERR_MAX_TEXTURE_SIZE_EXCEEDED': 매크로 재정의
  c:\program files (x86)\windows kits\10\include\10.0.17763.0\shared\winerror.h(56114): note: 'D2DERR_MAX_TEXTURE_SIZE_EXCEEDED'의 이전 정의를 참조하십시오.
d:\hubsub\cby_gameproject\dx\include\d2derr.h(139): warning C4005: 'D2DERR_UNSUPPORTED_VERSION': 매크로 재정의
  c:\program files (x86)\windows kits\10\include\10.0.17763.0\shared\winerror.h(56123): note: 'D2DERR_UNSUPPORTED_VERSION'의 이전 정의를 참조하십시오.
d:\hubsub\cby_gameproject\dx\include\d2derr.h(144): warning C4005: 'D2DERR_BAD_NUMBER': 매크로 재정의
  c:\program files (x86)\windows kits\10\include\10.0.17763.0\shared\winerror.h(56132): note: 'D2DERR_BAD_NUMBER'의 이전 정의를 참조하십시오.
d:\hubsub\cby_gameproject\dx\include\d2derr.h(149): warning C4005: 'D2DERR_WRONG_FACTORY': 매크로 재정의
  c:\program files (x86)\windows kits\10\include\10.0.17763.0\shared\winerror.h(56141): note: 'D2DERR_WRONG_FACTORY'의 이전 정의를 참조하십시오.
d:\hubsub\cby_gameproject\dx\include\d2derr.h(154): warning C4005: 'D2DERR_LAYER_ALREADY_IN_USE': 매크로 재정의
  c:\program files (x86)\windows kits\10\include\10.0.17763.0\shared\winerror.h(56150): note: 'D2DERR_LAYER_ALREADY_IN_USE'의 이전 정의를 참조하십시오.
d:\hubsub\cby_gameproject\dx\include\d2derr.h(159): warning C4005: 'D2DERR_POP_CALL_DID_NOT_MATCH_PUSH': 매크로 재정의
  c:\program files (x86)\windows kits\10\include\10.0.17763.0\shared\winerror.h(56159): note: 'D2DERR_POP_CALL_DID_NOT_MATCH_PUSH'의 이전 정의를 참조하십시오.
d:\hubsub\cby_gameproject\dx\include\d2derr.h(164): warning C4005: 'D2DERR_WRONG_RESOURCE_DOMAIN': 매크로 재정의
  c:\program files (x86)\windows kits\10\include\10.0.17763.0\shared\winerror.h(56168): note: 'D2DERR_WRONG_RESOURCE_DOMAIN'의 이전 정의를 참조하십시오.
d:\hubsub\cby_gameproject\dx\include\d2derr.h(169): warning C4005: 'D2DERR_PUSH_POP_UNBALANCED': 매크로 재정의
  c:\program files (x86)\windows kits\10\include\10.0.17763.0\shared\winerror.h(56177): note: 'D2DERR_PUSH_POP_UNBALANCED'의 이전 정의를 참조하십시오.
d:\hubsub\cby_gameproject\dx\include\d2derr.h(174): warning C4005: 'D2DERR_RENDER_TARGET_HAS_LAYER_OR_CLIPRECT': 매크로 재정의
  c:\program files (x86)\windows kits\10\include\10.0.17763.0\shared\winerror.h(56186): note: 'D2DERR_RENDER_TARGET_HAS_LAYER_OR_CLIPRECT'의 이전 정의를 참조하십시오.
d:\hubsub\cby_gameproject\dx\include\d2derr.h(179): warning C4005: 'D2DERR_INCOMPATIBLE_BRUSH_TYPES': 매크로 재정의
  c:\program files (x86)\windows kits\10\include\10.0.17763.0\shared\winerror.h(56195): note: 'D2DERR_INCOMPATIBLE_BRUSH_TYPES'의 이전 정의를 참조하십시오.
d:\hubsub\cby_gameproject\dx\include\d2derr.h(184): warning C4005: 'D2DERR_WIN32_ERROR': 매크로 재정의
  c:\program files (x86)\windows kits\10\include\10.0.17763.0\shared\winerror.h(56204): note: 'D2DERR_WIN32_ERROR'의 이전 정의를 참조하십시오.
d:\hubsub\cby_gameproject\dx\include\d2derr.h(189): warning C4005: 'D2DERR_TARGET_NOT_GDI_COMPATIBLE': 매크로 재정의
  c:\program files (x86)\windows kits\10\include\10.0.17763.0\shared\winerror.h(56213): note: 'D2DERR_TARGET_NOT_GDI_COMPATIBLE'의 이전 정의를 참조하십시오.
d:\hubsub\cby_gameproject\dx\include\d2derr.h(194): warning C4005: 'D2DERR_TEXT_EFFECT_IS_WRONG_TYPE': 매크로 재정의
  c:\program files (x86)\windows kits\10\include\10.0.17763.0\shared\winerror.h(56222): note: 'D2DERR_TEXT_EFFECT_IS_WRONG_TYPE'의 이전 정의를 참조하십시오.
d:\hubsub\cby_gameproject\dx\include\d2derr.h(201): warning C4005: 'D2DERR_TEXT_RENDERER_NOT_RELEASED': 매크로 재정의
  c:\program files (x86)\windows kits\10\include\10.0.17763.0\shared\winerror.h(56231): note: 'D2DERR_TEXT_RENDERER_NOT_RELEASED'의 이전 정의를 참조하십시오.
d:\hubsub\cby_gameproject\dx\include\d2derr.h(206): warning C4005: 'D2DERR_EXCEEDS_MAX_BITMAP_SIZE': 매크로 재정의
  c:\program files (x86)\windows kits\10\include\10.0.17763.0\shared\winerror.h(56240): note: 'D2DERR_EXCEEDS_MAX_BITMAP_SIZE'의 이전 정의를 참조하십시오.
d:\hubsub\cby_gameproject\dx\include\dwrite.h(4962): warning C4005: 'DWRITE_E_FILEFORMAT': 매크로 재정의
  c:\program files (x86)\windows kits\10\include\10.0.17763.0\shared\winerror.h(56407): note: 'DWRITE_E_FILEFORMAT'의 이전 정의를 참조하십시오.
d:\hubsub\cby_gameproject\dx\include\dwrite.h(4967): warning C4005: 'DWRITE_E_UNEXPECTED': 매크로 재정의
  c:\program files (x86)\windows kits\10\include\10.0.17763.0\shared\winerror.h(56416): note: 'DWRITE_E_UNEXPECTED'의 이전 정의를 참조하십시오.
d:\hubsub\cby_gameproject\dx\include\dwrite.h(4972): warning C4005: 'DWRITE_E_NOFONT': 매크로 재정의
  c:\program files (x86)\windows kits\10\include\10.0.17763.0\shared\winerror.h(56425): note: 'DWRITE_E_NOFONT'의 이전 정의를 참조하십시오.
d:\hubsub\cby_gameproject\dx\include\dwrite.h(4978): warning C4005: 'DWRITE_E_FILENOTFOUND': 매크로 재정의
  c:\program files (x86)\windows kits\10\include\10.0.17763.0\shared\winerror.h(56434): note: 'DWRITE_E_FILENOTFOUND'의 이전 정의를 참조하십시오.
d:\hubsub\cby_gameproject\dx\include\dwrite.h(4983): warning C4005: 'DWRITE_E_FILEACCESS': 매크로 재정의
  c:\program files (x86)\windows kits\10\include\10.0.17763.0\shared\winerror.h(56443): note: 'DWRITE_E_FILEACCESS'의 이전 정의를 참조하십시오.
d:\hubsub\cby_gameproject\dx\include\dwrite.h(4988): warning C4005: 'DWRITE_E_FONTCOLLECTIONOBSOLETE': 매크로 재정의
  c:\program files (x86)\windows kits\10\include\10.0.17763.0\shared\winerror.h(56452): note: 'DWRITE_E_FONTCOLLECTIONOBSOLETE'의 이전 정의를 참조하십시오.
d:\hubsub\cby_gameproject\dx\include\dwrite.h(4993): warning C4005: 'DWRITE_E_ALREADYREGISTERED': 매크로 재정의
  c:\program files (x86)\windows kits\10\include\10.0.17763.0\shared\winerror.h(56461): note: 'DWRITE_E_ALREADYREGISTERED'의 이전 정의를 참조하십시오.
d:\hubsub\cby_gameproject\cby_gameprojects\cby_charlib\c_dxwrite.cpp(136): warning C4267: '인수': 'size_t'에서 'UINT'(으)로 변환하면서 데이터가 손실될 수 있습니다.
  C_Intersection.cpp
d:\hubsub\cby_gameproject\cby_gameprojects\cby_charlib\cstd.h(2): warning C4005: '_CRT_SECURE_NO_WARNINGS': 매크로 재정의
  d:\hubsub\cby_gameproject\cby_gameprojects\cby_charlib\c_intersection.cpp: note: '_CRT_SECURE_NO_WARNINGS'의 이전 정의를 참조하십시오.
  C_LightObj.cpp
d:\hubsub\cby_gameproject\cby_gameprojects\cby_charlib\cstd.h(2): warning C4005: '_CRT_SECURE_NO_WARNINGS': 매크로 재정의
  d:\hubsub\cby_gameproject\cby_gameprojects\cby_charlib\c_lightobj.cpp: note: '_CRT_SECURE_NO_WARNINGS'의 이전 정의를 참조하십시오.
  C_Map_shape.cpp
d:\hubsub\cby_gameproject\cby_gameprojects\cby_charlib\cstd.h(2): warning C4005: '_CRT_SECURE_NO_WARNINGS': 매크로 재정의
  d:\hubsub\cby_gameproject\cby_gameprojects\cby_charlib\c_map_shape.cpp: note: '_CRT_SECURE_NO_WARNINGS'의 이전 정의를 참조하십시오.
d:\hubsub\cby_gameproject\cby_gameprojects\cby_charlib\c_map_shape.cpp(23): warning C4244: '인수': 'float'에서 'int'(으)로 변환하면서 데이터가 손실될 수 있습니다.
d:\hubsub\cby_gameproject\cby_gameprojects\cby_charlib\c_map_shape.cpp(24): warning C4244: '인수': 'float'에서 'int'(으)로 변환하면서 데이터가 손실될 수 있습니다.
d:\hubsub\cby_gameproject\cby_gameprojects\cby_charlib\c_map_shape.cpp(25): warning C4244: '인수': 'float'에서 'int'(으)로 변환하면서 데이터가 손실될 수 있습니다.
d:\hubsub\cby_gameproject\cby_gameprojects\cby_charlib\c_map_shape.cpp(26): warning C4244: '인수': 'float'에서 'int'(으)로 변환하면서 데이터가 손실될 수 있습니다.
d:\hubsub\cby_gameproject\cby_gameprojects\cby_charlib\c_map_shape.cpp(151): warning C4244: '=': 'UINT'에서 '_Ty'(으)로 변환하면서 데이터가 손실될 수 있습니다.
          with
          [
              _Ty=float
          ]
d:\hubsub\cby_gameproject\cby_gameprojects\cby_charlib\c_map_shape.cpp(215): warning C4244: '=': 'int'에서 '_Ty'(으)로 변환하면서 데이터가 손실될 수 있습니다.
          with
          [
              _Ty=float
          ]
  C_Math.cpp
d:\hubsub\cby_gameproject\cby_gameprojects\cby_charlib\c_math.cpp(79): warning C4244: 'return': 'double'에서 'float'(으)로 변환하면서 데이터가 손실될 수 있습니다.
d:\hubsub\cby_gameproject\cby_gameprojects\cby_charlib\c_math.cpp(263): warning C4244: '=': 'double'에서 'float'(으)로 변환하면서 데이터가 손실될 수 있습니다.
d:\hubsub\cby_gameproject\cby_gameprojects\cby_charlib\c_math.cpp(264): warning C4244: '=': 'double'에서 'float'(으)로 변환하면서 데이터가 손실될 수 있습니다.
d:\hubsub\cby_gameproject\cby_gameprojects\cby_charlib\c_math.cpp(270): warning C4244: '=': 'double'에서 'float'(으)로 변환하면서 데이터가 손실될 수 있습니다.
d:\hubsub\cby_gameproject\cby_gameprojects\cby_charlib\c_math.cpp(271): warning C4244: '=': 'double'에서 'float'(으)로 변환하면서 데이터가 손실될 수 있습니다.
d:\hubsub\cby_gameproject\cby_gameprojects\cby_charlib\c_math.cpp(277): warning C4244: '=': 'double'에서 'float'(으)로 변환하면서 데이터가 손실될 수 있습니다.
d:\hubsub\cby_gameproject\cby_gameprojects\cby_charlib\c_math.cpp(278): warning C4244: '=': 'double'에서 'float'(으)로 변환하면서 데이터가 손실될 수 있습니다.
d:\hubsub\cby_gameproject\cby_gameprojects\cby_charlib\c_math.cpp(328): warning C4244: '=': 'double'에서 'float'(으)로 변환하면서 데이터가 손실될 수 있습니다.
  C_Model.cpp
d:\hubsub\cby_gameproject\cby_gameprojects\cby_charlib\cstd.h(2): warning C4005: '_CRT_SECURE_NO_WARNINGS': 매크로 재정의
  d:\hubsub\cby_gameproject\cby_gameprojects\cby_charlib\c_model.cpp: note: '_CRT_SECURE_NO_WARNINGS'의 이전 정의를 참조하십시오.
d:\hubsub\cby_gameproject\cby_gameprojects\cby_charlib\c_model.cpp(14): warning C4477: 'swscanf_s' : 서식 문자열 '%s'에 'unsigned int' 형식의 인수가 필요하지만 variadic 인수 2의 형식이 'unsigned __int64'입니다.
  d:\hubsub\cby_gameproject\cby_gameprojects\cby_charlib\c_model.cpp(14): note: 이 인수는 버퍼 크기로 사용됩니다.
d:\hubsub\cby_gameproject\cby_gameprojects\cby_charlib\c_model.cpp(14): warning C4473: 'swscanf_s': 서식 문자열에 대한 인수가 충분하게 전달되지 않았습니다.
  d:\hubsub\cby_gameproject\cby_gameprojects\cby_charlib\c_model.cpp(14): note: 자리 표시자 및 해당 매개 변수에는 variadic 인수가 5개 필요하지만 3개가 제공되었습니다.
  d:\hubsub\cby_gameproject\cby_gameprojects\cby_charlib\c_model.cpp(14): note: 누락된 variadic 인수 4이(가) 서식 문자열 '%s'에 필요합니다.
  d:\hubsub\cby_gameproject\cby_gameprojects\cby_charlib\c_model.cpp(14): note: 이 인수는 변환 지정자에서 사용됩니다.
d:\hubsub\cby_gameproject\cby_gameprojects\cby_charlib\c_model.cpp(23): warning C4477: 'swscanf_s' : 서식 문자열 '%s'에 'unsigned int' 형식의 인수가 필요하지만 variadic 인수 2의 형식이 'unsigned __int64'입니다.
  d:\hubsub\cby_gameproject\cby_gameprojects\cby_charlib\c_model.cpp(23): note: 이 인수는 버퍼 크기로 사용됩니다.
d:\hubsub\cby_gameproject\cby_gameprojects\cby_charlib\c_model.cpp(30): warning C4477: 'swscanf_s' : 서식 문자열 '%s'에 'unsigned int' 형식의 인수가 필요하지만 variadic 인수 2의 형식이 'unsigned __int64'입니다.
  d:\hubsub\cby_gameproject\cby_gameprojects\cby_charlib\c_model.cpp(30): note: 이 인수는 버퍼 크기로 사용됩니다.
d:\hubsub\cby_gameproject\cby_gameprojects\cby_charlib\c_model.cpp(39): warning C4244: '=': 'double'에서 'FLOAT'(으)로 변환하면서 데이터가 손실될 수 있습니다.
d:\hubsub\cby_gameproject\cby_gameprojects\cby_charlib\c_model.cpp(40): warning C4244: '=': 'double'에서 'FLOAT'(으)로 변환하면서 데이터가 손실될 수 있습니다.
d:\hubsub\cby_gameproject\cby_gameprojects\cby_charlib\c_model.cpp(209): warning C4267: '=': 'size_t'에서 'UINT'(으)로 변환하면서 데이터가 손실될 수 있습니다.
d:\hubsub\cby_gameproject\cby_gameprojects\cby_charlib\c_model.cpp(213): warning C4267: '=': 'size_t'에서 'UINT'(으)로 변환하면서 데이터가 손실될 수 있습니다.
d:\hubsub\cby_gameproject\cby_gameprojects\cby_charlib\c_model.cpp(230): warning C4267: '=': 'size_t'에서 'UINT'(으)로 변환하면서 데이터가 손실될 수 있습니다.
d:\hubsub\cby_gameproject\cby_gameprojects\cby_charlib\c_model.cpp(234): warning C4267: '=': 'size_t'에서 'UINT'(으)로 변환하면서 데이터가 손실될 수 있습니다.
  C_Sound.cpp
d:\hubsub\cby_gameproject\cby_gameprojects\cby_charlib\cstd.h(2): warning C4005: '_CRT_SECURE_NO_WARNINGS': 매크로 재정의
  d:\hubsub\cby_gameproject\cby_gameprojects\cby_charlib\c_sound.cpp: note: '_CRT_SECURE_NO_WARNINGS'의 이전 정의를 참조하십시오.
  C_SoundManager.cpp
d:\hubsub\cby_gameproject\cby_gameprojects\cby_charlib\cstd.h(2): warning C4005: '_CRT_SECURE_NO_WARNINGS': 매크로 재정의
  d:\hubsub\cby_gameproject\cby_gameprojects\cby_charlib\c_soundmanager.cpp: note: '_CRT_SECURE_NO_WARNINGS'의 이전 정의를 참조하십시오.
d:\hubsub\cby_gameproject\cby_gameprojects\cby_charlib\c_soundmanager.cpp(31): warning C4804: '>=': 연산에 'bool' 형식을 사용하는 것은 안전하지 않습니다.
  C_TextureMgr.cpp
d:\hubsub\cby_gameproject\cby_gameprojects\cby_charlib\cstd.h(2): warning C4005: '_CRT_SECURE_NO_WARNINGS': 매크로 재정의
  d:\hubsub\cby_gameproject\cby_gameprojects\cby_charlib\c_texturemgr.cpp: note: '_CRT_SECURE_NO_WARNINGS'의 이전 정의를 참조하십시오.
  코드를 생성하고 있습니다.
  All 881 functions were compiled because no usable IPDB/IOBJ from previous compilation was found.
  코드를 생성했습니다.
  CBY_CharLib.vcxproj -> D:\HubSub\CBY_GameProject\CBY_GameProjects\CBY_CharLib\../../output/Release/CBY_CharLib/CBY_CharLib.dll
          1개 파일이 복사되었습니다.
  CBYCore.h
  CBYTime.h
  CBYWindow.h
  CBY_BackViewCamera.h
  CBY_DxRT.h
  CBY_Frusutm.h
  CBY_Input.h
  CBY_MapLOD.h
  CBY_Minimap.h
  CBY_Node.h
  CBY_QuadTree.h
  CBY_QuadTreeIndex.h
  CBY_Select.h
  CCamera.h
  CDxHelper.h
  CDxHelperEx.h
  CDxState.h
  CModelViewCamera.h
  CShapeBox.h
  CShapeLine.h
  CShapeMap.h
  CShapeObject.h
  CSprite.h
  Cstd.h
  C_ArcBall.h
  C_DebugCamera.h
  C_Device.h
  C_DXWrite.h
  C_Intersection.h
  C_LightObj.h
  C_Map_shape.h
  C_Math.h
  C_Model.h
  C_ObjStd.h
  C_Sound.h
  C_SoundManager.h
  C_TextureMgr.h
         37개 파일이 복사되었습니다.
