  CBY_Object.cpp
d:\yong_github\c_yong\kgca_direct3d_project\kg_gameproject\kg_gameprojects\kg_engine\cby_object.cpp(12): warning C4267: '=': 'size_t'에서 'int'(으)로 변환하면서 데이터가 손실될 수 있습니다.
d:\yong_github\c_yong\kgca_direct3d_project\kg_gameproject\kg_gameprojects\kg_engine\cby_object.cpp(266): warning C4244: '=': 'int'에서 'float'(으)로 변환하면서 데이터가 손실될 수 있습니다.
d:\yong_github\c_yong\kgca_direct3d_project\kg_gameproject\kg_gameprojects\kg_engine\cby_object.cpp(275): warning C4267: 'return': 'size_t'에서 'int'(으)로 변환하면서 데이터가 손실될 수 있습니다.
d:\yong_github\c_yong\kgca_direct3d_project\kg_gameproject\kg_gameprojects\kg_engine\cby_object.cpp(292): warning C4267: '초기화 중': 'size_t'에서 'int'(으)로 변환하면서 데이터가 손실될 수 있습니다.
d:\yong_github\c_yong\kgca_direct3d_project\kg_gameproject\kg_gameprojects\kg_engine\cby_object.cpp(303): warning C4267: '초기화 중': 'size_t'에서 'int'(으)로 변환하면서 데이터가 손실될 수 있습니다.
d:\yong_github\c_yong\kgca_direct3d_project\kg_gameproject\kg_gameprojects\kg_engine\cby_object.cpp(317): warning C4244: '=': 'float'에서 'int'(으)로 변환하면서 데이터가 손실될 수 있습니다.
d:\yong_github\c_yong\kgca_direct3d_project\kg_gameproject\kg_gameprojects\kg_engine\cby_object.cpp(318): warning C4244: '=': 'float'에서 'int'(으)로 변환하면서 데이터가 손실될 수 있습니다.
d:\yong_github\c_yong\kgca_direct3d_project\kg_gameproject\kg_gameprojects\kg_engine\cby_object.cpp(323): warning C4244: '=': 'float'에서 'int'(으)로 변환하면서 데이터가 손실될 수 있습니다.
d:\yong_github\c_yong\kgca_direct3d_project\kg_gameproject\kg_gameprojects\kg_engine\cby_object.cpp(324): warning C4244: '=': 'float'에서 'int'(으)로 변환하면서 데이터가 손실될 수 있습니다.
d:\yong_github\c_yong\kgca_direct3d_project\kg_gameproject\kg_gameprojects\kg_engine\cby_object.cpp(369): warning C4267: 'return': 'size_t'에서 'int'(으)로 변환하면서 데이터가 손실될 수 있습니다.
C:\Program Files (x86)\Microsoft Visual Studio\2017\Professional\Common7\IDE\VC\VCTargets\Microsoft.CppBuild.targets(1397,5): warning MSB8012: TargetPath(D:\Yong_GitHub\C_Yong\KGCA_direct3D_Project\KG_GameProject\KG_GameProjects\KG_Engine\../../output/Release/KG_Engine/KG_Engine.lib)이(가) Library의 OutputFile 속성 값(D:\Yong_GitHub\C_Yong\KGCA_direct3D_Project\KG_GameProject\KG_GameProjects\KG_Engine\KG_Engine_R.lib)과 일치하지 않습니다. 이로 인해 프로젝트가 잘못 빌드될 수 있습니다. 이를 수정하려면 $(OutDir), $(TargetName) 및 $(TargetExt) 속성 값이 %(Lib.OutputFile)에 지정된 값과 일치해야 합니다.
C:\Program Files (x86)\Microsoft Visual Studio\2017\Professional\Common7\IDE\VC\VCTargets\Microsoft.CppBuild.targets(1399,5): warning MSB8012: TargetName(KG_Engine)이(가) Library의 OutputFile 속성 값(KG_Engine_R)과 일치하지 않습니다. 이로 인해 프로젝트가 잘못 빌드될 수 있습니다. 이를 수정하려면 $(OutDir), $(TargetName) 및 $(TargetExt) 속성 값이 %(Lib.OutputFile)에 지정된 값과 일치해야 합니다.
VFX_Obj.obj : warning LNK4006: "public: struct D3DXVECTOR3 __cdecl KYS::VFX_EffectObj::getParticleScale(void)" (?getParticleScale@VFX_EffectObj@KYS@@QEAA?AUD3DXVECTOR3@@XZ)이(가) VFX_Obj.obj에 이미 정의되어 있습니다. 초 정의가 무시됩니다.
VFX_Obj.obj : warning LNK4006: "public: void __cdecl KYS::VFX_EffectObj::setParticleScale(struct D3DXVECTOR3)" (?setParticleScale@VFX_EffectObj@KYS@@QEAAXUD3DXVECTOR3@@@Z)이(가) VFX_Obj.obj에 이미 정의되어 있습니다. 초 정의가 무시됩니다.
VFX_Obj.obj : warning LNK4006: "public: void __cdecl KYS::VFX_EffectObj::resetState(void)" (?resetState@VFX_EffectObj@KYS@@QEAAXXZ)이(가) VFX_Obj.obj에 이미 정의되어 있습니다. 초 정의가 무시됩니다.
VFX_Obj.obj : warning LNK4006: "public: void __cdecl KYS::VFX_EffectObj::shutdown(void)" (?shutdown@VFX_EffectObj@KYS@@QEAAXXZ)이(가) VFX_Obj.obj에 이미 정의되어 있습니다. 초 정의가 무시됩니다.
VFX_Obj.obj : warning LNK4006: "public: void __cdecl KYS::VFX_EffectObj::Execute(struct D3DXVECTOR3,struct D3DXVECTOR3)" (?Execute@VFX_EffectObj@KYS@@QEAAXUD3DXVECTOR3@@0@Z)이(가) VFX_Obj.obj에 이미 정의되어 있습니다. 초 정의가 무시됩니다.
VFX_Obj.obj : warning LNK4006: "public: virtual bool __cdecl KYS::VFX_EffectObj::Release(void)" (?Release@VFX_EffectObj@KYS@@UEAA_NXZ)이(가) VFX_Obj.obj에 이미 정의되어 있습니다. 초 정의가 무시됩니다.
VFX_Obj.obj : warning LNK4006: "public: virtual bool __cdecl KYS::VFX_EffectObj::Render(void)" (?Render@VFX_EffectObj@KYS@@UEAA_NXZ)이(가) VFX_Obj.obj에 이미 정의되어 있습니다. 초 정의가 무시됩니다.
VFX_Obj.obj : warning LNK4006: "public: virtual bool __cdecl KYS::VFX_EffectObj::Frame(void)" (?Frame@VFX_EffectObj@KYS@@UEAA_NXZ)이(가) VFX_Obj.obj에 이미 정의되어 있습니다. 초 정의가 무시됩니다.
VFX_Obj.obj : warning LNK4006: "public: virtual bool __cdecl KYS::VFX_EffectObj::Init(void)" (?Init@VFX_EffectObj@KYS@@UEAA_NXZ)이(가) VFX_Obj.obj에 이미 정의되어 있습니다. 초 정의가 무시됩니다.
VFX_Obj.obj : warning LNK4006: "public: virtual __cdecl KYS::VFX_EffectObj::~VFX_EffectObj(void)" (??1VFX_EffectObj@KYS@@UEAA@XZ)이(가) VFX_Obj.obj에 이미 정의되어 있습니다. 초 정의가 무시됩니다.
VFX_Obj.obj : warning LNK4006: "public: __cdecl KYS::VFX_EffectObj::VFX_EffectObj(void)" (??0VFX_EffectObj@KYS@@QEAA@XZ)이(가) VFX_Obj.obj에 이미 정의되어 있습니다. 초 정의가 무시됩니다.
  KG_Engine.vcxproj -> D:\Yong_GitHub\C_Yong\KGCA_direct3D_Project\KG_GameProject\KG_GameProjects\KG_Engine\../../output/Release/KG_Engine/KG_Engine.lib
  KG_Engine_D.lib
  KG_Engine_R.lib
          2개 파일이 복사되었습니다.
  CBY_BoneBox.h
  CBY_BoneObj.h
  CBY_BoneParser.h
  CBY_Character.h
  CBY_CharacterCamera.h
  CBY_CharBox.h
  CBY_CharMgr.h
  CBY_DataCtrl.h
  CBY_Mesh.h
  CBY_MeshSkin.h
  CBY_Obj.h
  CBY_Object.h
  CBY_ObjectMgr.h
  CBY_ObjStd.h
  CBY_Parser.h
  CBY_SkinObj.h
  CBY_SkinParser.h
  CBY_Weapon.h
  JH_BaseObj.h
  JH_Map.h
  JH_MapMgr.h
  JH_MapObj.h
  KG_ArcBall.h
  KG_BackViewCamera.h
  KG_Camera.h
  KG_Collision.h
  KG_Core.h
  KG_DebugCamera.h
  KG_Device.h
  KG_DxHelperEx.h
  KG_DxHeper.h
  KG_DxRT.h
  KG_DxState.h
  KG_DXWrite.h
  KG_Frusutm.h
  KG_Input.h
  KG_MapLod.h
  KG_Math.h
  KG_Minimap.h
  KG_Model.h
  KG_ModelViewCamera.h
  KG_Node.h
  KG_ObjStd.h
  KG_Select.h
  KG_Shadow.h
  KG_ShapeBox.h
  KG_ShapeLine.h
  KG_ShapeMap.h
  KG_ShapeObject.h
  KG_SkyBox.h
  KG_Sound.h
  KG_SoundMgr.h
  KG_Sprite.h
  KG_Std.h
  KG_TextureMgr.h
  KG_Time.h
  KG_Window.h
  LightMgr.h
  LightObj.h
  MyEffectParser.h
  Myparser.h
  MyParticle.h
  NormalMap.h
  QuadTree.h
  Sprite.h
  SpriteTexture.h
  VFX_EffectObj.h
  VFX_Obj.h
  VFX_ObjMgr.h
         69개 파일이 복사되었습니다.
