  CBY_CharacterSrc.cpp
  CBY_EnemyAi.cpp
d:\yong_github\c_yong\kgca_direct3d_project\kg_gameproject\kg_gameprojects\kg37_game\cby_bulletmgr.h(34): warning C4267: 'return': 'size_t'에서 'int'(으)로 변환하면서 데이터가 손실될 수 있습니다.
  CBY_EnemyFSM.cpp
  CBY_EnemyGirl.cpp
  CBY_EnemyState.cpp
  CBY_Hero.cpp
  CBY_HeroDamage.cpp
  CBY_HeroDeath.cpp
  CBY_HeroFire.cpp
d:\yong_github\c_yong\kgca_direct3d_project\kg_gameproject\kg_gameprojects\kg37_game\cby_bulletmgr.h(34): warning C4267: 'return': 'size_t'에서 'int'(으)로 변환하면서 데이터가 손실될 수 있습니다.
  CBY_HeroFSM.cpp
  CBY_HeroGirl.cpp
  CBY_HeroIdle.cpp
  CBY_HeroJump.cpp
  CBY_HeroMove.cpp
  CBY_HeroRun.cpp
  CBY_HeroState.cpp
  KYS_TestMain.cpp
d:\yong_github\c_yong\kgca_direct3d_project\kg_gameproject\kg_gameprojects\kg37_game\cby_bulletmgr.h(34): warning C4267: 'return': 'size_t'에서 'int'(으)로 변환하면서 데이터가 손실될 수 있습니다.
d:\yong_github\c_yong\kgca_direct3d_project\kg_gameproject\kg_gameprojects\kg37_game\kys_testmain.cpp(115): warning C4305: '인수': 'double'에서 'FLOAT'(으)로 잘립니다.
d:\yong_github\c_yong\kgca_direct3d_project\kg_gameproject\kg_gameprojects\kg37_game\kys_testmain.cpp(160): warning C4305: '인수': 'double'에서 'FLOAT'(으)로 잘립니다.
d:\yong_github\c_yong\kgca_direct3d_project\kg_gameproject\kg_gameprojects\kg37_game\kys_testmain.cpp(168): warning C4305: '인수': 'double'에서 'FLOAT'(으)로 잘립니다.
d:\yong_github\c_yong\kgca_direct3d_project\kg_gameproject\kg_gameprojects\kg37_game\kys_testmain.cpp(388): warning C4244: '인수': 'int'에서 'float'(으)로 변환하면서 데이터가 손실될 수 있습니다.
  코드를 생성하고 있습니다.
  214 of 5688 functions ( 3.8%) were compiled, the rest were copied from previous compilation.
    46 functions were new in current compilation
    171 functions had inline decision re-evaluated but remain unchanged
  코드를 생성했습니다.
DirectXTex_R.lib(BC.obj) : warning LNK4099: 'DirectXTex.pdb' PDB를 'DirectXTex_R.lib(BC.obj)' 또는 'D:\Yong_GitHub\C_Yong\KGCA_direct3D_Project\KG_GameProject\output\Release\KG37_Game\DirectXTex.pdb'에서 찾을 수 없습니다. 디버그 정보가 없는 것처럼 개체를 링크합니다.
DirectXTex_R.lib(BC4BC5.obj) : warning LNK4099: 'DirectXTex.pdb' PDB를 'DirectXTex_R.lib(BC4BC5.obj)' 또는 'D:\Yong_GitHub\C_Yong\KGCA_direct3D_Project\KG_GameProject\output\Release\KG37_Game\DirectXTex.pdb'에서 찾을 수 없습니다. 디버그 정보가 없는 것처럼 개체를 링크합니다.
DirectXTex_R.lib(BC6HBC7.obj) : warning LNK4099: 'DirectXTex.pdb' PDB를 'DirectXTex_R.lib(BC6HBC7.obj)' 또는 'D:\Yong_GitHub\C_Yong\KGCA_direct3D_Project\KG_GameProject\output\Release\KG37_Game\DirectXTex.pdb'에서 찾을 수 없습니다. 디버그 정보가 없는 것처럼 개체를 링크합니다.
DirectXTex_R.lib(DirectXTexCompress.obj) : warning LNK4099: 'DirectXTex.pdb' PDB를 'DirectXTex_R.lib(DirectXTexCompress.obj)' 또는 'D:\Yong_GitHub\C_Yong\KGCA_direct3D_Project\KG_GameProject\output\Release\KG37_Game\DirectXTex.pdb'에서 찾을 수 없습니다. 디버그 정보가 없는 것처럼 개체를 링크합니다.
DirectXTex_R.lib(DirectXTexConvert.obj) : warning LNK4099: 'DirectXTex.pdb' PDB를 'DirectXTex_R.lib(DirectXTexConvert.obj)' 또는 'D:\Yong_GitHub\C_Yong\KGCA_direct3D_Project\KG_GameProject\output\Release\KG37_Game\DirectXTex.pdb'에서 찾을 수 없습니다. 디버그 정보가 없는 것처럼 개체를 링크합니다.
DirectXTex_R.lib(DirectXTexD3D11.obj) : warning LNK4099: 'DirectXTex.pdb' PDB를 'DirectXTex_R.lib(DirectXTexD3D11.obj)' 또는 'D:\Yong_GitHub\C_Yong\KGCA_direct3D_Project\KG_GameProject\output\Release\KG37_Game\DirectXTex.pdb'에서 찾을 수 없습니다. 디버그 정보가 없는 것처럼 개체를 링크합니다.
DirectXTex_R.lib(DirectXTexImage.obj) : warning LNK4099: 'DirectXTex.pdb' PDB를 'DirectXTex_R.lib(DirectXTexImage.obj)' 또는 'D:\Yong_GitHub\C_Yong\KGCA_direct3D_Project\KG_GameProject\output\Release\KG37_Game\DirectXTex.pdb'에서 찾을 수 없습니다. 디버그 정보가 없는 것처럼 개체를 링크합니다.
DirectXTex_R.lib(DirectXTexMipMaps.obj) : warning LNK4099: 'DirectXTex.pdb' PDB를 'DirectXTex_R.lib(DirectXTexMipMaps.obj)' 또는 'D:\Yong_GitHub\C_Yong\KGCA_direct3D_Project\KG_GameProject\output\Release\KG37_Game\DirectXTex.pdb'에서 찾을 수 없습니다. 디버그 정보가 없는 것처럼 개체를 링크합니다.
DirectXTex_R.lib(DirectXTexTGA.obj) : warning LNK4099: 'DirectXTex.pdb' PDB를 'DirectXTex_R.lib(DirectXTexTGA.obj)' 또는 'D:\Yong_GitHub\C_Yong\KGCA_direct3D_Project\KG_GameProject\output\Release\KG37_Game\DirectXTex.pdb'에서 찾을 수 없습니다. 디버그 정보가 없는 것처럼 개체를 링크합니다.
DirectXTex_R.lib(DirectXTexUtil.obj) : warning LNK4099: 'DirectXTex.pdb' PDB를 'DirectXTex_R.lib(DirectXTexUtil.obj)' 또는 'D:\Yong_GitHub\C_Yong\KGCA_direct3D_Project\KG_GameProject\output\Release\KG37_Game\DirectXTex.pdb'에서 찾을 수 없습니다. 디버그 정보가 없는 것처럼 개체를 링크합니다.
  KG37_Game.vcxproj -> D:\Yong_GitHub\C_Yong\KGCA_direct3D_Project\KG_GameProject\KG_GameProjects\KG37_Game\../../output/Release/KG37_Game/KG37_Game.exe
